2025-03-15 18:05:04,612 - root - INFO - Trying to add at coords: (29, 21), the animal: Erbast 1, numErbast: 0, numCarviz: 0, herd: None
2025-03-15 18:05:04,613 - root - INFO - Trying to add at coords: (27, 20), the animal: Erbast 2, numErbast: 0, numCarviz: 0, herd: None
2025-03-15 18:05:04,613 - root - INFO - Trying to add at coords: (29, 37), the animal: Erbast 3, numErbast: 0, numCarviz: 0, herd: None
2025-03-15 18:05:04,613 - root - INFO - Trying to add at coords: (34, 28), the animal: Erbast 4, numErbast: 0, numCarviz: 0, herd: None
2025-03-15 18:05:04,613 - root - INFO - Trying to add at coords: (27, 24), the animal: Erbast 5, numErbast: 0, numCarviz: 0, herd: None
2025-03-15 18:05:04,613 - root - INFO - Trying to add at coords: (31, 32), the animal: Erbast 6, numErbast: 0, numCarviz: 0, herd: None
2025-03-15 18:05:04,613 - root - INFO - Trying to add at coords: (27, 17), the animal: Erbast 7, numErbast: 0, numCarviz: 0, herd: None
2025-03-15 18:05:04,613 - root - INFO - Trying to add at coords: (17, 41), the animal: Erbast 8, numErbast: 0, numCarviz: 0, herd: None
2025-03-15 18:05:04,613 - root - INFO - Trying to add at coords: (31, 12), the animal: Erbast 9, numErbast: 0, numCarviz: 0, herd: None
2025-03-15 18:05:04,613 - root - INFO - Trying to add at coords: (29, 37), the animal: Erbast 10, numErbast: 1, numCarviz: 0, herd: None
2025-03-15 18:05:04,613 - root - INFO - SocialGroup creation -> SocialGroup with components: [Erbast 3, Erbast 10], current coords: (29, 37), last coords: [(29, 37)]
2025-03-15 18:05:04,613 - root - INFO - HERD CREATION -> Herd 1 with components: [Erbast 3, Erbast 10], current coords: (29, 37), last coords: [(29, 37)], neighborhood distance: 2, memory: 10
2025-03-15 18:05:04,613 - root - INFO - Trying to remove at coords: (29, 37), the animal: Erbast 3, numErbast: 1, numCarviz: 0, herd: None
2025-03-15 18:05:04,613 - root - INFO - trying to add group Herd 1, components:[Erbast 3, Erbast 10] at coords: (29, 37), numErbast: 0, numCarviz: 0, herd: None
2025-03-15 18:05:04,613 - root - INFO - Trying to add at coords: (31, 15), the animal: Carviz 1, numErbast: 0, numCarviz: 0, herd: None
2025-03-15 18:05:04,613 - root - INFO - Trying to add at coords: (8, 49), the animal: Carviz 2, numErbast: 0, numCarviz: 0, herd: None
2025-03-15 18:05:04,614 - root - INFO - Trying to add at coords: (25, 37), the animal: Carviz 3, numErbast: 0, numCarviz: 0, herd: None
2025-03-15 18:05:04,614 - root - INFO - Trying to add at coords: (45, 30), the animal: Carviz 4, numErbast: 0, numCarviz: 0, herd: None
2025-03-15 18:05:04,614 - root - INFO - Trying to add at coords: (28, 13), the animal: Carviz 5, numErbast: 0, numCarviz: 0, herd: None
2025-03-15 18:05:06,145 - root - INFO - DAY 0

2025-03-15 18:05:06,145 - root - INFO - creatures: {'Erbast': [Erbast 1, Erbast 2, Erbast 3, Erbast 4, Erbast 5, Erbast 6, Erbast 7, Erbast 8, Erbast 9, Erbast 10], 'Carviz': [Carviz 1, Carviz 2, Carviz 3, Carviz 4, Carviz 5]}
2025-03-15 18:05:06,145 - root - INFO - deadCreatures: []
2025-03-15 18:05:06,145 - root - INFO - herds: [Herd 1, components:[Erbast 3, Erbast 10]]
2025-03-15 18:05:06,145 - root - INFO - prides: []

2025-03-15 18:05:06,145 - root - INFO - totErbast: 10
2025-03-15 18:05:06,145 - root - INFO - totCarviz: 5
2025-03-15 18:05:06,145 - root - INFO - len Creatures Erbasts: 10
2025-03-15 18:05:06,145 - root - INFO - len Creatures Carviz: 5
2025-03-15 18:05:06,146 - root - INFO - MOVEMENT PHASE

2025-03-15 18:05:06,149 - root - INFO - Group Herd 1, components:[Erbast 3, Erbast 10], components: [Erbast 3, Erbast 10] want to go in (29, 38)
2025-03-15 18:05:06,151 - root - INFO - NextCoords:
{Carviz 3: (26, 36),
 Erbast 4: (33, 27),
 Erbast 2: (27, 21),
 Erbast 7: (28, 17),
 Erbast 8: (16, 40),
 Erbast 5: (28, 23),
 Erbast 9: (30, 13),
 Erbast 6: (30, 32),
 Erbast 1: (28, 22),
 Herd 1, components:[Erbast 3, Erbast 10]: (29, 38)}
2025-03-15 18:05:06,151 - root - INFO - Trying to remove at coords: (29, 21), the animal: Erbast 1, numErbast: 1, numCarviz: 0, herd: None
2025-03-15 18:05:06,151 - root - INFO - Trying to add at coords: (28, 22), the animal: Erbast 1, numErbast: 0, numCarviz: 0, herd: None
2025-03-15 18:05:06,151 - root - INFO - Trying to remove at coords: (27, 20), the animal: Erbast 2, numErbast: 1, numCarviz: 0, herd: None
2025-03-15 18:05:06,151 - root - INFO - Trying to add at coords: (27, 21), the animal: Erbast 2, numErbast: 0, numCarviz: 0, herd: None
2025-03-15 18:05:06,151 - root - INFO - Trying to remove at coords: (34, 28), the animal: Erbast 4, numErbast: 1, numCarviz: 0, herd: None
2025-03-15 18:05:06,151 - root - INFO - Trying to add at coords: (33, 27), the animal: Erbast 4, numErbast: 0, numCarviz: 0, herd: None
2025-03-15 18:05:06,151 - root - INFO - Trying to remove at coords: (27, 24), the animal: Erbast 5, numErbast: 1, numCarviz: 0, herd: None
2025-03-15 18:05:06,151 - root - INFO - Trying to add at coords: (28, 23), the animal: Erbast 5, numErbast: 0, numCarviz: 0, herd: None
2025-03-15 18:05:06,151 - root - INFO - Trying to remove at coords: (31, 32), the animal: Erbast 6, numErbast: 1, numCarviz: 0, herd: None
2025-03-15 18:05:06,151 - root - INFO - Trying to add at coords: (30, 32), the animal: Erbast 6, numErbast: 0, numCarviz: 0, herd: None
2025-03-15 18:05:06,151 - root - INFO - Trying to remove at coords: (27, 17), the animal: Erbast 7, numErbast: 1, numCarviz: 0, herd: None
2025-03-15 18:05:06,151 - root - INFO - Trying to add at coords: (28, 17), the animal: Erbast 7, numErbast: 0, numCarviz: 0, herd: None
2025-03-15 18:05:06,151 - root - INFO - Trying to remove at coords: (17, 41), the animal: Erbast 8, numErbast: 1, numCarviz: 0, herd: None
2025-03-15 18:05:06,151 - root - INFO - Trying to add at coords: (16, 40), the animal: Erbast 8, numErbast: 0, numCarviz: 0, herd: None
2025-03-15 18:05:06,151 - root - INFO - Trying to remove at coords: (31, 12), the animal: Erbast 9, numErbast: 1, numCarviz: 0, herd: None
2025-03-15 18:05:06,151 - root - INFO - Trying to add at coords: (30, 13), the animal: Erbast 9, numErbast: 0, numCarviz: 0, herd: None
2025-03-15 18:05:06,151 - root - INFO - Trying to remove herd Herd 1, components:[Erbast 3, Erbast 10] at coords: (29, 37), numErbast: 2, numCarviz: 0, herd: Herd 1, components:[Erbast 3, Erbast 10]
2025-03-15 18:05:06,151 - root - INFO - trying to add group Herd 1, components:[Erbast 3, Erbast 10] at coords: (29, 38), numErbast: 0, numCarviz: 0, herd: None
2025-03-15 18:05:06,152 - root - INFO - Trying to remove at coords: (25, 37), the animal: Carviz 3, numErbast: 0, numCarviz: 1, herd: None
2025-03-15 18:05:06,152 - root - INFO - Trying to add at coords: (26, 36), the animal: Carviz 3, numErbast: 0, numCarviz: 0, herd: None
2025-03-15 18:05:06,152 - root - INFO - STRUGGLE PHASE

2025-03-15 18:05:06,152 - root - INFO - HUNT PHASE

2025-03-15 18:05:06,152 - root - INFO - CARVIZES ENERGIES

2025-03-15 18:05:06,152 - root - INFO - Carviz 1 at (31, 15) has energy: 100
2025-03-15 18:05:06,152 - root - INFO - Carviz 2 at (8, 49) has energy: 100
2025-03-15 18:05:06,152 - root - INFO - Carviz 4 at (45, 30) has energy: 100
2025-03-15 18:05:06,152 - root - INFO - Carviz 5 at (28, 13) has energy: 100
2025-03-15 18:05:06,152 - root - INFO - Carviz 3 at (26, 36) has energy: 95
2025-03-15 18:05:06,152 - root - INFO - CARVIZES ENERGIES AFTER HUNTING

2025-03-15 18:05:06,152 - root - INFO - Carviz 1 at (31, 15) has energy: 100
2025-03-15 18:05:06,152 - root - INFO - Carviz 2 at (8, 49) has energy: 100
2025-03-15 18:05:06,152 - root - INFO - Carviz 4 at (45, 30) has energy: 100
2025-03-15 18:05:06,152 - root - INFO - Carviz 5 at (28, 13) has energy: 100
2025-03-15 18:05:06,152 - root - INFO - Carviz 3 at (26, 36) has energy: 95
2025-03-15 18:05:06,152 - root - INFO - LANDCELLS WITH ERBASTS

2025-03-15 18:05:06,152 - root - INFO - LandCell (16, 40) has Erbasts: [Erbast 8]
2025-03-15 18:05:06,152 - root - INFO - LandCell (27, 21) has Erbasts: [Erbast 2]
2025-03-15 18:05:06,152 - root - INFO - LandCell (28, 17) has Erbasts: [Erbast 7]
2025-03-15 18:05:06,152 - root - INFO - LandCell (28, 22) has Erbasts: [Erbast 1]
2025-03-15 18:05:06,152 - root - INFO - LandCell (28, 23) has Erbasts: [Erbast 5]
2025-03-15 18:05:06,152 - root - INFO - LandCell (29, 38) has Erbasts: [Erbast 3, Erbast 10]
2025-03-15 18:05:06,152 - root - INFO - LandCell (30, 13) has Erbasts: [Erbast 9]
2025-03-15 18:05:06,152 - root - INFO - LandCell (30, 32) has Erbasts: [Erbast 6]
2025-03-15 18:05:06,152 - root - INFO - LandCell (33, 27) has Erbasts: [Erbast 4]
2025-03-15 18:05:06,152 - root - INFO - LANDCELLS WITH CARVIZES

2025-03-15 18:05:06,153 - root - INFO - LandCell (8, 49) has Carvizes: [Carviz 2]
2025-03-15 18:05:06,153 - root - INFO - LandCell (26, 36) has Carvizes: [Carviz 3]
2025-03-15 18:05:06,153 - root - INFO - LandCell (28, 13) has Carvizes: [Carviz 5]
2025-03-15 18:05:06,153 - root - INFO - LandCell (31, 15) has Carvizes: [Carviz 1]
2025-03-15 18:05:06,153 - root - INFO - LandCell (45, 30) has Carvizes: [Carviz 4]
2025-03-15 18:05:08,340 - root - INFO - DAY 1

2025-03-15 18:05:08,340 - root - INFO - creatures: {'Erbast': [Erbast 1, Erbast 2, Erbast 4, Erbast 5, Erbast 6, Erbast 7, Erbast 8, Erbast 9, Erbast 3, Erbast 10], 'Carviz': [Carviz 1, Carviz 2, Carviz 4, Carviz 5, Carviz 3]}
2025-03-15 18:05:08,340 - root - INFO - deadCreatures: []
2025-03-15 18:05:08,340 - root - INFO - herds: [Herd 1, components:[Erbast 3, Erbast 10]]
2025-03-15 18:05:08,340 - root - INFO - prides: []

2025-03-15 18:05:08,340 - root - INFO - totErbast: 10
2025-03-15 18:05:08,340 - root - INFO - totCarviz: 5
2025-03-15 18:05:08,340 - root - INFO - len Creatures Erbasts: 10
2025-03-15 18:05:08,340 - root - INFO - len Creatures Carviz: 5
2025-03-15 18:05:08,341 - root - INFO - MOVEMENT PHASE

2025-03-15 18:05:08,345 - root - INFO - Group Herd 1, components:[Erbast 3, Erbast 10], components: [Erbast 3, Erbast 10] want to go in (30, 37)
2025-03-15 18:05:08,346 - root - INFO - NextCoords:
{Carviz 3: (25, 35),
 Carviz 5: (29, 14),
 Carviz 1: (30, 14),
 Erbast 4: (32, 26),
 Erbast 2: (28, 22),
 Erbast 7: (29, 17),
 Erbast 8: (15, 40),
 Erbast 5: (28, 22),
 Erbast 9: (29, 14),
 Erbast 6: (30, 31),
 Erbast 1: (28, 23),
 Herd 1, components:[Erbast 3, Erbast 10]: (30, 37)}
2025-03-15 18:05:08,346 - root - INFO - Trying to remove at coords: (28, 22), the animal: Erbast 1, numErbast: 1, numCarviz: 0, herd: None
2025-03-15 18:05:08,346 - root - INFO - Trying to add at coords: (28, 23), the animal: Erbast 1, numErbast: 1, numCarviz: 0, herd: None
2025-03-15 18:05:08,346 - root - INFO - SocialGroup creation -> SocialGroup with components: [Erbast 5, Erbast 1], current coords: (28, 23), last coords: [(28, 23)]
2025-03-15 18:05:08,346 - root - INFO - HERD CREATION -> Herd 2 with components: [Erbast 5, Erbast 1], current coords: (28, 23), last coords: [(28, 23)], neighborhood distance: 2, memory: 10
2025-03-15 18:05:08,346 - root - INFO - Trying to remove at coords: (28, 23), the animal: Erbast 5, numErbast: 1, numCarviz: 0, herd: None
2025-03-15 18:05:08,346 - root - INFO - trying to add group Herd 2, components:[Erbast 5, Erbast 1] at coords: (28, 23), numErbast: 0, numCarviz: 0, herd: None
2025-03-15 18:05:08,346 - root - INFO - Trying to remove at coords: (27, 21), the animal: Erbast 2, numErbast: 1, numCarviz: 0, herd: None
2025-03-15 18:05:08,346 - root - INFO - Trying to add at coords: (28, 22), the animal: Erbast 2, numErbast: 0, numCarviz: 0, herd: None
2025-03-15 18:05:08,346 - root - INFO - Trying to remove at coords: (33, 27), the animal: Erbast 4, numErbast: 1, numCarviz: 0, herd: None
2025-03-15 18:05:08,347 - root - INFO - Trying to add at coords: (32, 26), the animal: Erbast 4, numErbast: 0, numCarviz: 0, herd: None
2025-03-15 18:05:08,347 - root - INFO - Trying to remove at coords: (28, 23), the animal: Erbast 5, numErbast: 2, numCarviz: 0, herd: Herd 2, components:[Erbast 5, Erbast 1]
2025-03-15 18:05:08,347 - root - INFO - trying to remove Erbast 5 from the cell LandCell (28, 23), herd: None, numErbast: 0. The result of loseComponent is: {'result': 'Group Disbanded', 'individuals': [Erbast 5, Erbast 1]}
2025-03-15 18:05:08,347 - root - INFO - Trying to add at coords: (28, 23), the animal: Erbast 1, numErbast: 0, numCarviz: 0, herd: None
2025-03-15 18:05:08,347 - root - INFO - Trying to add at coords: (28, 22), the animal: Erbast 5, numErbast: 1, numCarviz: 0, herd: None
2025-03-15 18:05:08,347 - root - INFO - SocialGroup creation -> SocialGroup with components: [Erbast 2, Erbast 5], current coords: (28, 22), last coords: [(28, 22)]
2025-03-15 18:05:08,347 - root - INFO - HERD CREATION -> Herd 3 with components: [Erbast 2, Erbast 5], current coords: (28, 22), last coords: [(28, 22)], neighborhood distance: 2, memory: 10
2025-03-15 18:05:08,347 - root - INFO - Trying to remove at coords: (28, 22), the animal: Erbast 2, numErbast: 1, numCarviz: 0, herd: None
2025-03-15 18:05:08,347 - root - INFO - trying to add group Herd 3, components:[Erbast 2, Erbast 5] at coords: (28, 22), numErbast: 0, numCarviz: 0, herd: None
2025-03-15 18:05:08,347 - root - INFO - Trying to remove at coords: (30, 32), the animal: Erbast 6, numErbast: 1, numCarviz: 0, herd: None
2025-03-15 18:05:08,347 - root - INFO - Trying to add at coords: (30, 31), the animal: Erbast 6, numErbast: 0, numCarviz: 0, herd: None
2025-03-15 18:05:08,347 - root - INFO - Trying to remove at coords: (28, 17), the animal: Erbast 7, numErbast: 1, numCarviz: 0, herd: None
2025-03-15 18:05:08,347 - root - INFO - Trying to add at coords: (29, 17), the animal: Erbast 7, numErbast: 0, numCarviz: 0, herd: None
2025-03-15 18:05:08,347 - root - INFO - Trying to remove at coords: (16, 40), the animal: Erbast 8, numErbast: 1, numCarviz: 0, herd: None
2025-03-15 18:05:08,347 - root - INFO - Trying to add at coords: (15, 40), the animal: Erbast 8, numErbast: 0, numCarviz: 0, herd: None
2025-03-15 18:05:08,347 - root - INFO - Trying to remove at coords: (30, 13), the animal: Erbast 9, numErbast: 1, numCarviz: 0, herd: None
2025-03-15 18:05:08,347 - root - INFO - Trying to add at coords: (29, 14), the animal: Erbast 9, numErbast: 0, numCarviz: 0, herd: None
2025-03-15 18:05:08,347 - root - INFO - Trying to remove herd Herd 1, components:[Erbast 3, Erbast 10] at coords: (29, 38), numErbast: 2, numCarviz: 0, herd: Herd 1, components:[Erbast 3, Erbast 10]
2025-03-15 18:05:08,347 - root - INFO - trying to add group Herd 1, components:[Erbast 3, Erbast 10] at coords: (30, 37), numErbast: 0, numCarviz: 0, herd: None
2025-03-15 18:05:08,347 - root - INFO - Trying to remove at coords: (31, 15), the animal: Carviz 1, numErbast: 0, numCarviz: 1, herd: None
2025-03-15 18:05:08,347 - root - INFO - Trying to add at coords: (30, 14), the animal: Carviz 1, numErbast: 0, numCarviz: 0, herd: None
2025-03-15 18:05:08,347 - root - INFO - Trying to remove at coords: (28, 13), the animal: Carviz 5, numErbast: 0, numCarviz: 1, herd: None
2025-03-15 18:05:08,347 - root - INFO - Trying to add at coords: (29, 14), the animal: Carviz 5, numErbast: 1, numCarviz: 0, herd: None
2025-03-15 18:05:08,347 - root - INFO - Trying to remove at coords: (26, 36), the animal: Carviz 3, numErbast: 0, numCarviz: 1, herd: None
2025-03-15 18:05:08,347 - root - INFO - Trying to add at coords: (25, 35), the animal: Carviz 3, numErbast: 0, numCarviz: 0, herd: None
2025-03-15 18:05:08,347 - root - INFO - STRUGGLE PHASE

2025-03-15 18:05:08,347 - root - INFO - HUNT PHASE

2025-03-15 18:05:08,347 - root - INFO - CARVIZES ENERGIES

2025-03-15 18:05:08,347 - root - INFO - Carviz 2 at (8, 49) has energy: 100
2025-03-15 18:05:08,347 - root - INFO - Carviz 4 at (45, 30) has energy: 100
2025-03-15 18:05:08,348 - root - INFO - Carviz 1 at (30, 14) has energy: 95
2025-03-15 18:05:08,348 - root - INFO - Carviz 5 at (29, 14) has energy: 95
2025-03-15 18:05:08,348 - root - INFO - Carviz 3 at (25, 35) has energy: 90
2025-03-15 18:05:08,348 - root - INFO - Trying to remove at coords: (29, 14), the animal: Erbast 9, numErbast: 1, numCarviz: 1, herd: None
2025-03-15 18:05:08,348 - root - INFO - Erbast 9 has been killed by Carviz 5
2025-03-15 18:05:08,348 - root - INFO - CARVIZES ENERGIES AFTER HUNTING

2025-03-15 18:05:08,348 - root - INFO - Carviz 2 at (8, 49) has energy: 100
2025-03-15 18:05:08,348 - root - INFO - Carviz 4 at (45, 30) has energy: 100
2025-03-15 18:05:08,348 - root - INFO - Carviz 1 at (30, 14) has energy: 95
2025-03-15 18:05:08,348 - root - INFO - Carviz 5 at (29, 14) has energy: 100
2025-03-15 18:05:08,348 - root - INFO - Carviz 3 at (25, 35) has energy: 90
2025-03-15 18:05:08,348 - root - INFO - LANDCELLS WITH ERBASTS

2025-03-15 18:05:08,348 - root - INFO - LandCell (15, 40) has Erbasts: [Erbast 8]
2025-03-15 18:05:08,348 - root - INFO - LandCell (28, 22) has Erbasts: [Erbast 2, Erbast 5]
2025-03-15 18:05:08,348 - root - INFO - LandCell (28, 23) has Erbasts: [Erbast 1]
2025-03-15 18:05:08,348 - root - INFO - LandCell (29, 17) has Erbasts: [Erbast 7]
2025-03-15 18:05:08,348 - root - INFO - LandCell (30, 31) has Erbasts: [Erbast 6]
2025-03-15 18:05:08,348 - root - INFO - LandCell (30, 37) has Erbasts: [Erbast 3, Erbast 10]
2025-03-15 18:05:08,348 - root - INFO - LandCell (32, 26) has Erbasts: [Erbast 4]
2025-03-15 18:05:08,348 - root - INFO - LANDCELLS WITH CARVIZES

2025-03-15 18:05:08,348 - root - INFO - LandCell (8, 49) has Carvizes: [Carviz 2]
2025-03-15 18:05:08,348 - root - INFO - LandCell (25, 35) has Carvizes: [Carviz 3]
2025-03-15 18:05:08,348 - root - INFO - LandCell (29, 14) has Carvizes: [Carviz 5]
2025-03-15 18:05:08,348 - root - INFO - LandCell (30, 14) has Carvizes: [Carviz 1]
2025-03-15 18:05:08,348 - root - INFO - LandCell (45, 30) has Carvizes: [Carviz 4]
