INFO - Trying to add at coords: (26, 18), the animal: Erbast 1, numErbast: 0, numCarviz: 0, herd: None
INFO - Trying to add at coords: (14, 26), the animal: Erbast 2, numErbast: 0, numCarviz: 0, herd: None
INFO - Trying to add at coords: (26, 39), the animal: Erbast 3, numErbast: 0, numCarviz: 0, herd: None
INFO - Trying to add at coords: (20, 14), the animal: Erbast 4, numErbast: 0, numCarviz: 0, herd: None
INFO - Trying to add at coords: (24, 30), the animal: Erbast 5, numErbast: 0, numCarviz: 0, herd: None
INFO - Trying to add at coords: (36, 32), the animal: Erbast 6, numErbast: 0, numCarviz: 0, herd: None
INFO - Trying to add at coords: (13, 5), the animal: Erbast 7, numErbast: 0, numCarviz: 0, herd: None
INFO - Trying to add at coords: (13, 33), the animal: Erbast 8, numErbast: 0, numCarviz: 0, herd: None
INFO - Trying to add at coords: (21, 34), the animal: Erbast 9, numErbast: 0, numCarviz: 0, herd: None
INFO - Trying to add at coords: (45, 25), the animal: Erbast 10, numErbast: 0, numCarviz: 0, herd: None
INFO - Trying to add at coords: (38, 19), the animal: Erbast 11, numErbast: 0, numCarviz: 0, herd: None
INFO - Trying to add at coords: (29, 23), the animal: Erbast 12, numErbast: 0, numCarviz: 0, herd: None
INFO - Trying to add at coords: (28, 8), the animal: Erbast 13, numErbast: 0, numCarviz: 0, herd: None
INFO - Trying to add at coords: (19, 8), the animal: Erbast 14, numErbast: 0, numCarviz: 0, herd: None
INFO - Trying to add at coords: (40, 30), the animal: Erbast 15, numErbast: 0, numCarviz: 0, herd: None
INFO - Trying to add at coords: (36, 18), the animal: Erbast 16, numErbast: 0, numCarviz: 0, herd: None
INFO - Trying to add at coords: (20, 11), the animal: Erbast 17, numErbast: 0, numCarviz: 0, herd: None
INFO - Trying to add at coords: (30, 22), the animal: Erbast 18, numErbast: 0, numCarviz: 0, herd: None
INFO - Trying to add at coords: (6, 18), the animal: Erbast 19, numErbast: 0, numCarviz: 0, herd: None
INFO - Trying to add at coords: (21, 33), the animal: Erbast 20, numErbast: 0, numCarviz: 0, herd: None
INFO - Trying to add at coords: (21, 15), the animal: Erbast 21, numErbast: 0, numCarviz: 0, herd: None
INFO - Trying to add at coords: (28, 27), the animal: Erbast 22, numErbast: 0, numCarviz: 0, herd: None
INFO - Trying to add at coords: (26, 42), the animal: Erbast 23, numErbast: 0, numCarviz: 0, herd: None
INFO - Trying to add at coords: (40, 20), the animal: Erbast 24, numErbast: 0, numCarviz: 0, herd: None
INFO - Trying to add at coords: (41, 29), the animal: Erbast 25, numErbast: 0, numCarviz: 0, herd: None
INFO - Trying to add at coords: (36, 16), the animal: Erbast 26, numErbast: 0, numCarviz: 0, herd: None
INFO - Trying to add at coords: (7, 18), the animal: Erbast 27, numErbast: 0, numCarviz: 0, herd: None
INFO - Trying to add at coords: (31, 12), the animal: Erbast 28, numErbast: 0, numCarviz: 0, herd: None
INFO - Trying to add at coords: (15, 27), the animal: Erbast 29, numErbast: 0, numCarviz: 0, herd: None
INFO - Trying to add at coords: (14, 32), the animal: Erbast 30, numErbast: 0, numCarviz: 0, herd: None
INFO - Trying to add at coords: (18, 40), the animal: Erbast 31, numErbast: 0, numCarviz: 0, herd: None
INFO - Trying to add at coords: (24, 44), the animal: Erbast 32, numErbast: 0, numCarviz: 0, herd: None
INFO - Trying to add at coords: (22, 36), the animal: Erbast 33, numErbast: 0, numCarviz: 0, herd: None
INFO - Trying to add at coords: (27, 20), the animal: Erbast 34, numErbast: 0, numCarviz: 0, herd: None
INFO - Trying to add at coords: (28, 32), the animal: Erbast 35, numErbast: 0, numCarviz: 0, herd: None
INFO - Trying to add at coords: (15, 5), the animal: Erbast 36, numErbast: 0, numCarviz: 0, herd: None
INFO - Trying to add at coords: (5, 13), the animal: Erbast 37, numErbast: 0, numCarviz: 0, herd: None
INFO - Trying to add at coords: (5, 16), the animal: Erbast 38, numErbast: 0, numCarviz: 0, herd: None
INFO - Trying to add at coords: (14, 13), the animal: Erbast 39, numErbast: 0, numCarviz: 0, herd: None
INFO - Trying to add at coords: (42, 28), the animal: Erbast 40, numErbast: 0, numCarviz: 0, herd: None
INFO - Trying to add at coords: (12, 16), the animal: Erbast 41, numErbast: 0, numCarviz: 0, herd: None
INFO - Trying to add at coords: (30, 16), the animal: Erbast 42, numErbast: 0, numCarviz: 0, herd: None
INFO - Trying to add at coords: (29, 30), the animal: Erbast 43, numErbast: 0, numCarviz: 0, herd: None
INFO - Trying to add at coords: (26, 36), the animal: Erbast 44, numErbast: 0, numCarviz: 0, herd: None
INFO - Trying to add at coords: (32, 17), the animal: Erbast 45, numErbast: 0, numCarviz: 0, herd: None
INFO - Trying to add at coords: (32, 35), the animal: Erbast 46, numErbast: 0, numCarviz: 0, herd: None
INFO - Trying to add at coords: (4, 12), the animal: Erbast 47, numErbast: 0, numCarviz: 0, herd: None
INFO - Trying to add at coords: (12, 36), the animal: Erbast 48, numErbast: 0, numCarviz: 0, herd: None
INFO - Trying to add at coords: (38, 25), the animal: Erbast 49, numErbast: 0, numCarviz: 0, herd: None
INFO - Trying to add at coords: (26, 7), the animal: Erbast 50, numErbast: 0, numCarviz: 0, herd: None
INFO - Trying to add at coords: (43, 29), the animal: Carviz 1, numErbast: 0, numCarviz: 0, herd: None
INFO - Trying to add at coords: (26, 7), the animal: Carviz 2, numErbast: 1, numCarviz: 0, herd: None
INFO - Trying to add at coords: (20, 21), the animal: Carviz 3, numErbast: 0, numCarviz: 0, herd: None
INFO - Trying to add at coords: (20, 10), the animal: Carviz 4, numErbast: 0, numCarviz: 0, herd: None
INFO - Trying to add at coords: (26, 10), the animal: Carviz 5, numErbast: 0, numCarviz: 0, herd: None
INFO - Trying to add at coords: (13, 14), the animal: Carviz 6, numErbast: 0, numCarviz: 0, herd: None
INFO - Trying to add at coords: (23, 39), the animal: Carviz 7, numErbast: 0, numCarviz: 0, herd: None
INFO - Trying to add at coords: (25, 26), the animal: Carviz 8, numErbast: 0, numCarviz: 0, herd: None
INFO - Trying to add at coords: (9, 17), the animal: Carviz 9, numErbast: 0, numCarviz: 0, herd: None
INFO - Trying to add at coords: (29, 15), the animal: Carviz 10, numErbast: 0, numCarviz: 0, herd: None
INFO - Trying to add at coords: (22, 39), the animal: Carviz 11, numErbast: 0, numCarviz: 0, herd: None
INFO - Trying to add at coords: (25, 15), the animal: Carviz 12, numErbast: 0, numCarviz: 0, herd: None
INFO - Trying to add at coords: (20, 6), the animal: Carviz 13, numErbast: 0, numCarviz: 0, herd: None
INFO - Trying to add at coords: (37, 20), the animal: Carviz 14, numErbast: 0, numCarviz: 0, herd: None
INFO - Trying to add at coords: (25, 16), the animal: Carviz 15, numErbast: 0, numCarviz: 0, herd: None
INFO - Trying to add at coords: (36, 27), the animal: Carviz 16, numErbast: 0, numCarviz: 0, herd: None
INFO - Trying to add at coords: (34, 19), the animal: Carviz 17, numErbast: 0, numCarviz: 0, herd: None
INFO - Trying to add at coords: (13, 24), the animal: Carviz 18, numErbast: 0, numCarviz: 0, herd: None
INFO - Trying to add at coords: (6, 22), the animal: Carviz 19, numErbast: 0, numCarviz: 0, herd: None
INFO - Trying to add at coords: (18, 26), the animal: Carviz 20, numErbast: 0, numCarviz: 0, herd: None
INFO - Trying to add at coords: (16, 30), the animal: Carviz 21, numErbast: 0, numCarviz: 0, herd: None
INFO - Trying to add at coords: (19, 25), the animal: Carviz 22, numErbast: 0, numCarviz: 0, herd: None
INFO - Trying to add at coords: (24, 44), the animal: Carviz 23, numErbast: 1, numCarviz: 0, herd: None
INFO - Trying to add at coords: (24, 30), the animal: Carviz 24, numErbast: 1, numCarviz: 0, herd: None
INFO - Trying to add at coords: (32, 15), the animal: Carviz 25, numErbast: 0, numCarviz: 0, herd: None
INFO - Trying to add at coords: (26, 34), the animal: Carviz 26, numErbast: 0, numCarviz: 0, herd: None
INFO - Trying to add at coords: (17, 33), the animal: Carviz 27, numErbast: 0, numCarviz: 0, herd: None
INFO - Trying to add at coords: (28, 18), the animal: Carviz 28, numErbast: 0, numCarviz: 0, herd: None
INFO - Trying to add at coords: (44, 24), the animal: Carviz 29, numErbast: 0, numCarviz: 0, herd: None
INFO - Trying to add at coords: (21, 24), the animal: Carviz 30, numErbast: 0, numCarviz: 0, herd: None
INFO - Trying to add at coords: (15, 14), the animal: Carviz 31, numErbast: 0, numCarviz: 0, herd: None
INFO - Trying to add at coords: (29, 15), the animal: Carviz 32, numErbast: 0, numCarviz: 1, herd: None
INFO - Trying to add at coords: (7, 9), the animal: Carviz 33, numErbast: 0, numCarviz: 0, herd: None
INFO - Trying to add at coords: (17, 11), the animal: Carviz 34, numErbast: 0, numCarviz: 0, herd: None
INFO - Trying to add at coords: (27, 11), the animal: Carviz 35, numErbast: 0, numCarviz: 0, herd: None
INFO - Trying to add at coords: (22, 28), the animal: Carviz 36, numErbast: 0, numCarviz: 0, herd: None
INFO - Trying to add at coords: (15, 23), the animal: Carviz 37, numErbast: 0, numCarviz: 0, herd: None
INFO - Trying to add at coords: (12, 25), the animal: Carviz 38, numErbast: 0, numCarviz: 0, herd: None
INFO - Trying to add at coords: (6, 16), the animal: Carviz 39, numErbast: 0, numCarviz: 0, herd: None
INFO - Trying to add at coords: (19, 26), the animal: Carviz 40, numErbast: 0, numCarviz: 0, herd: None
INFO - DAY 0

INFO - creatures: {'Erbast': [Erbast 1, Erbast 2, Erbast 3, Erbast 4, Erbast 5, Erbast 6, Erbast 7, Erbast 8, Erbast 9, Erbast 10, Erbast 11, Erbast 12, Erbast 13, Erbast 14, Erbast 15, Erbast 16, Erbast 17, Erbast 18, Erbast 19, Erbast 20, Erbast 21, Erbast 22, Erbast 23, Erbast 24, Erbast 25, Erbast 26, Erbast 27, Erbast 28, Erbast 29, Erbast 30, Erbast 31, Erbast 32, Erbast 33, Erbast 34, Erbast 35, Erbast 36, Erbast 37, Erbast 38, Erbast 39, Erbast 40, Erbast 41, Erbast 42, Erbast 43, Erbast 44, Erbast 45, Erbast 46, Erbast 47, Erbast 48, Erbast 49, Erbast 50], 'Carviz': [Carviz 1, Carviz 2, Carviz 3, Carviz 4, Carviz 5, Carviz 6, Carviz 7, Carviz 8, Carviz 9, Carviz 10, Carviz 11, Carviz 12, Carviz 13, Carviz 14, Carviz 15, Carviz 16, Carviz 17, Carviz 18, Carviz 19, Carviz 20, Carviz 21, Carviz 22, Carviz 23, Carviz 24, Carviz 25, Carviz 26, Carviz 27, Carviz 28, Carviz 29, Carviz 30, Carviz 31, Carviz 32, Carviz 33, Carviz 34, Carviz 35, Carviz 36, Carviz 37, Carviz 38, Carviz 39, Carviz 40]}
INFO - deadCreatures: []
INFO - herds: []
INFO - prides: []

INFO - totErbast: 50
INFO - totCarviz: 40
INFO - len Creatures Erbasts: 50
INFO - len Creatures Carviz: 40
INFO - MOVEMENT PHASE

INFO - Of Erbast 11, all except 1 are alive during movement due to starvation
INFO - Of Erbast 17, all except 1 are alive during movement due to starvation
INFO - Of Erbast 20, all except 1 are alive during movement due to starvation
INFO - Of Erbast 32, all except 1 are alive during movement due to starvation
INFO - Of Erbast 38, all except 1 are alive during movement due to starvation
INFO - Of Erbast 39, all except 1 are alive during movement due to starvation
INFO - Of Erbast 40, all except 1 are alive during movement due to starvation
INFO - Of Erbast 42, all except 1 are alive during movement due to starvation
INFO - Of Erbast 50, all except 1 are alive during movement due to starvation
INFO - Of Carviz 1, all except 1 are alive during movement due to starvation
INFO - Of Carviz 3, all except 1 are alive during movement due to starvation
INFO - Of Carviz 4, all except 1 are alive during movement due to starvation
INFO - Of Carviz 5, all except 1 are alive during movement due to starvation
INFO - Of Carviz 6, all except 1 are alive during movement due to starvation
INFO - Of Carviz 7, all except 1 are alive during movement due to starvation
INFO - Of Carviz 8, all except 1 are alive during movement due to starvation
INFO - Of Carviz 9, all except 1 are alive during movement due to starvation
INFO - Of Carviz 10, all except 1 are alive during movement due to starvation
INFO - Of Carviz 11, all except 1 are alive during movement due to starvation
INFO - Of Carviz 13, all except 1 are alive during movement due to starvation
INFO - Of Carviz 14, all except 1 are alive during movement due to starvation
INFO - Of Carviz 15, all except 1 are alive during movement due to starvation
INFO - Of Carviz 16, all except 1 are alive during movement due to starvation
INFO - Of Carviz 17, all except 1 are alive during movement due to starvation
INFO - Of Carviz 19, all except 1 are alive during movement due to starvation
INFO - Of Carviz 21, all except 1 are alive during movement due to starvation
INFO - Of Carviz 22, all except 1 are alive during movement due to starvation
INFO - Of Carviz 25, all except 1 are alive during movement due to starvation
INFO - Of Carviz 26, all except 1 are alive during movement due to starvation
INFO - Of Carviz 27, all except 1 are alive during movement due to starvation
INFO - Of Carviz 28, all except 1 are alive during movement due to starvation
INFO - Of Carviz 29, all except 1 are alive during movement due to starvation
INFO - Of Carviz 31, all except 1 are alive during movement due to starvation
INFO - Of Carviz 32, all except 1 are alive during movement due to starvation
INFO - Of Carviz 33, all except 1 are alive during movement due to starvation
INFO - Of Carviz 34, all except 1 are alive during movement due to starvation
INFO - Of Carviz 36, all except 1 are alive during movement due to starvation
INFO - Of Carviz 38, all except 1 are alive during movement due to starvation
INFO - Of Carviz 39, all except 1 are alive during movement due to starvation
INFO - Of Carviz 40, all except 1 are alive during movement due to starvation
INFO - NextCoords:
{}
INFO - STRUGGLE PHASE

INFO - Trying to remove at coords: (29, 15), the animal: Carviz 10, numErbast: 0, numCarviz: 2, herd: None
INFO - Trying to remove at coords: (29, 15), the animal: Carviz 32, numErbast: 0, numCarviz: 1, herd: None
INFO - HUNT PHASE

INFO - CARVIZES ENERGIES

INFO - Carviz 1 at (43, 29) has energy: 95
INFO - Carviz 2 at (26, 7) has energy: 100
INFO - Carviz 3 at (20, 21) has energy: 95
INFO - Carviz 4 at (20, 10) has energy: 95
INFO - Carviz 5 at (26, 10) has energy: 95
INFO - Carviz 6 at (13, 14) has energy: 95
INFO - Carviz 7 at (23, 39) has energy: 95
INFO - Carviz 8 at (25, 26) has energy: 95
INFO - Carviz 9 at (9, 17) has energy: 95
INFO - Carviz 11 at (22, 39) has energy: 95
INFO - Carviz 12 at (25, 15) has energy: 100
INFO - Carviz 13 at (20, 6) has energy: 95
INFO - Carviz 14 at (37, 20) has energy: 95
INFO - Carviz 15 at (25, 16) has energy: 95
INFO - Carviz 16 at (36, 27) has energy: 95
INFO - Carviz 17 at (34, 19) has energy: 95
INFO - Carviz 18 at (13, 24) has energy: 100
INFO - Carviz 19 at (6, 22) has energy: 95
INFO - Carviz 20 at (18, 26) has energy: 100
INFO - Carviz 21 at (16, 30) has energy: 95
INFO - Carviz 22 at (19, 25) has energy: 95
INFO - Carviz 23 at (24, 44) has energy: 100
INFO - Carviz 24 at (24, 30) has energy: 100
INFO - Carviz 25 at (32, 15) has energy: 95
INFO - Carviz 26 at (26, 34) has energy: 95
INFO - Carviz 27 at (17, 33) has energy: 95
INFO - Carviz 28 at (28, 18) has energy: 95
INFO - Carviz 29 at (44, 24) has energy: 95
INFO - Carviz 30 at (21, 24) has energy: 100
INFO - Carviz 31 at (15, 14) has energy: 95
INFO - Carviz 33 at (7, 9) has energy: 95
INFO - Carviz 34 at (17, 11) has energy: 95
INFO - Carviz 35 at (27, 11) has energy: 100
INFO - Carviz 36 at (22, 28) has energy: 95
INFO - Carviz 37 at (15, 23) has energy: 100
INFO - Carviz 38 at (12, 25) has energy: 95
INFO - Carviz 39 at (6, 16) has energy: 95
INFO - Carviz 40 at (19, 26) has energy: 95
INFO - Trying to remove at coords: (26, 7), the animal: Erbast 50, numErbast: 1, numCarviz: 1, herd: None
INFO - Erbast 50 has been killed by Carviz 2
INFO - Trying to remove at coords: (24, 44), the animal: Erbast 32, numErbast: 1, numCarviz: 1, herd: None
INFO - Erbast 32 has been killed by Carviz 23
INFO - Trying to remove at coords: (24, 30), the animal: Erbast 5, numErbast: 1, numCarviz: 1, herd: None
INFO - Erbast 5 has been killed by Carviz 24
INFO - CARVIZES ENERGIES AFTER HUNTING

INFO - Carviz 1 at (43, 29) has energy: 95
INFO - Carviz 2 at (26, 7) has energy: 100
INFO - Carviz 3 at (20, 21) has energy: 95
INFO - Carviz 4 at (20, 10) has energy: 95
INFO - Carviz 5 at (26, 10) has energy: 95
INFO - Carviz 6 at (13, 14) has energy: 95
INFO - Carviz 7 at (23, 39) has energy: 95
INFO - Carviz 8 at (25, 26) has energy: 95
INFO - Carviz 9 at (9, 17) has energy: 95
INFO - Carviz 11 at (22, 39) has energy: 95
INFO - Carviz 12 at (25, 15) has energy: 100
INFO - Carviz 13 at (20, 6) has energy: 95
INFO - Carviz 14 at (37, 20) has energy: 95
INFO - Carviz 15 at (25, 16) has energy: 95
INFO - Carviz 16 at (36, 27) has energy: 95
INFO - Carviz 17 at (34, 19) has energy: 95
INFO - Carviz 18 at (13, 24) has energy: 100
INFO - Carviz 19 at (6, 22) has energy: 95
INFO - Carviz 20 at (18, 26) has energy: 100
INFO - Carviz 21 at (16, 30) has energy: 95
INFO - Carviz 22 at (19, 25) has energy: 95
INFO - Carviz 23 at (24, 44) has energy: 100
INFO - Carviz 24 at (24, 30) has energy: 100
INFO - Carviz 25 at (32, 15) has energy: 95
INFO - Carviz 26 at (26, 34) has energy: 95
INFO - Carviz 27 at (17, 33) has energy: 95
INFO - Carviz 28 at (28, 18) has energy: 95
INFO - Carviz 29 at (44, 24) has energy: 95
INFO - Carviz 30 at (21, 24) has energy: 100
INFO - Carviz 31 at (15, 14) has energy: 95
INFO - Carviz 33 at (7, 9) has energy: 95
INFO - Carviz 34 at (17, 11) has energy: 95
INFO - Carviz 35 at (27, 11) has energy: 100
INFO - Carviz 36 at (22, 28) has energy: 95
INFO - Carviz 37 at (15, 23) has energy: 100
INFO - Carviz 38 at (12, 25) has energy: 95
INFO - Carviz 39 at (6, 16) has energy: 95
INFO - Carviz 40 at (19, 26) has energy: 95
INFO - LANDCELLS WITH ERBASTS

INFO - LandCell (4, 12) has Erbasts: [Erbast 47]
INFO - LandCell (5, 13) has Erbasts: [Erbast 37]
INFO - LandCell (5, 16) has Erbasts: [Erbast 38]
INFO - LandCell (6, 18) has Erbasts: [Erbast 19]
INFO - LandCell (7, 18) has Erbasts: [Erbast 27]
INFO - LandCell (12, 16) has Erbasts: [Erbast 41]
INFO - LandCell (12, 36) has Erbasts: [Erbast 48]
INFO - LandCell (13, 5) has Erbasts: [Erbast 7]
INFO - LandCell (13, 33) has Erbasts: [Erbast 8]
INFO - LandCell (14, 13) has Erbasts: [Erbast 39]
INFO - LandCell (14, 26) has Erbasts: [Erbast 2]
INFO - LandCell (14, 32) has Erbasts: [Erbast 30]
INFO - LandCell (15, 5) has Erbasts: [Erbast 36]
INFO - LandCell (15, 27) has Erbasts: [Erbast 29]
INFO - LandCell (18, 40) has Erbasts: [Erbast 31]
INFO - LandCell (19, 8) has Erbasts: [Erbast 14]
INFO - LandCell (20, 11) has Erbasts: [Erbast 17]
INFO - LandCell (20, 14) has Erbasts: [Erbast 4]
INFO - LandCell (21, 15) has Erbasts: [Erbast 21]
INFO - LandCell (21, 33) has Erbasts: [Erbast 20]
INFO - LandCell (21, 34) has Erbasts: [Erbast 9]
INFO - LandCell (22, 36) has Erbasts: [Erbast 33]
INFO - LandCell (26, 18) has Erbasts: [Erbast 1]
INFO - LandCell (26, 36) has Erbasts: [Erbast 44]
INFO - LandCell (26, 39) has Erbasts: [Erbast 3]
INFO - LandCell (26, 42) has Erbasts: [Erbast 23]
INFO - LandCell (27, 20) has Erbasts: [Erbast 34]
INFO - LandCell (28, 8) has Erbasts: [Erbast 13]
INFO - LandCell (28, 27) has Erbasts: [Erbast 22]
INFO - LandCell (28, 32) has Erbasts: [Erbast 35]
INFO - LandCell (29, 23) has Erbasts: [Erbast 12]
INFO - LandCell (29, 30) has Erbasts: [Erbast 43]
INFO - LandCell (30, 16) has Erbasts: [Erbast 42]
INFO - LandCell (30, 22) has Erbasts: [Erbast 18]
INFO - LandCell (31, 12) has Erbasts: [Erbast 28]
INFO - LandCell (32, 17) has Erbasts: [Erbast 45]
INFO - LandCell (32, 35) has Erbasts: [Erbast 46]
INFO - LandCell (36, 16) has Erbasts: [Erbast 26]
INFO - LandCell (36, 18) has Erbasts: [Erbast 16]
INFO - LandCell (36, 32) has Erbasts: [Erbast 6]
INFO - LandCell (38, 19) has Erbasts: [Erbast 11]
INFO - LandCell (38, 25) has Erbasts: [Erbast 49]
INFO - LandCell (40, 20) has Erbasts: [Erbast 24]
INFO - LandCell (40, 30) has Erbasts: [Erbast 15]
INFO - LandCell (41, 29) has Erbasts: [Erbast 25]
INFO - LandCell (42, 28) has Erbasts: [Erbast 40]
INFO - LandCell (45, 25) has Erbasts: [Erbast 10]
INFO - LANDCELLS WITH CARVIZES

INFO - LandCell (6, 16) has Carvizes: [Carviz 39]
INFO - LandCell (6, 22) has Carvizes: [Carviz 19]
INFO - LandCell (7, 9) has Carvizes: [Carviz 33]
INFO - LandCell (9, 17) has Carvizes: [Carviz 9]
INFO - LandCell (12, 25) has Carvizes: [Carviz 38]
INFO - LandCell (13, 14) has Carvizes: [Carviz 6]
INFO - LandCell (13, 24) has Carvizes: [Carviz 18]
INFO - LandCell (15, 14) has Carvizes: [Carviz 31]
INFO - LandCell (15, 23) has Carvizes: [Carviz 37]
INFO - LandCell (16, 30) has Carvizes: [Carviz 21]
INFO - LandCell (17, 11) has Carvizes: [Carviz 34]
INFO - LandCell (17, 33) has Carvizes: [Carviz 27]
INFO - LandCell (18, 26) has Carvizes: [Carviz 20]
INFO - LandCell (19, 25) has Carvizes: [Carviz 22]
INFO - LandCell (19, 26) has Carvizes: [Carviz 40]
INFO - LandCell (20, 6) has Carvizes: [Carviz 13]
INFO - LandCell (20, 10) has Carvizes: [Carviz 4]
INFO - LandCell (20, 21) has Carvizes: [Carviz 3]
INFO - LandCell (21, 24) has Carvizes: [Carviz 30]
INFO - LandCell (22, 28) has Carvizes: [Carviz 36]
INFO - LandCell (22, 39) has Carvizes: [Carviz 11]
INFO - LandCell (23, 39) has Carvizes: [Carviz 7]
INFO - LandCell (24, 30) has Carvizes: [Carviz 24]
INFO - LandCell (24, 44) has Carvizes: [Carviz 23]
INFO - LandCell (25, 15) has Carvizes: [Carviz 12]
INFO - LandCell (25, 16) has Carvizes: [Carviz 15]
INFO - LandCell (25, 26) has Carvizes: [Carviz 8]
INFO - LandCell (26, 7) has Carvizes: [Carviz 2]
INFO - LandCell (26, 10) has Carvizes: [Carviz 5]
INFO - LandCell (26, 34) has Carvizes: [Carviz 26]
INFO - LandCell (27, 11) has Carvizes: [Carviz 35]
INFO - LandCell (28, 18) has Carvizes: [Carviz 28]
INFO - LandCell (32, 15) has Carvizes: [Carviz 25]
INFO - LandCell (34, 19) has Carvizes: [Carviz 17]
INFO - LandCell (36, 27) has Carvizes: [Carviz 16]
INFO - LandCell (37, 20) has Carvizes: [Carviz 14]
INFO - LandCell (43, 29) has Carvizes: [Carviz 1]
INFO - LandCell (44, 24) has Carvizes: [Carviz 29]
INFO - DAY 1

INFO - creatures: {'Erbast': [Erbast 1, Erbast 2, Erbast 3, Erbast 4, Erbast 6, Erbast 7, Erbast 8, Erbast 9, Erbast 10, Erbast 11, Erbast 12, Erbast 13, Erbast 14, Erbast 15, Erbast 16, Erbast 17, Erbast 18, Erbast 19, Erbast 20, Erbast 21, Erbast 22, Erbast 23, Erbast 24, Erbast 25, Erbast 26, Erbast 27, Erbast 28, Erbast 29, Erbast 30, Erbast 31, Erbast 33, Erbast 34, Erbast 35, Erbast 36, Erbast 37, Erbast 38, Erbast 39, Erbast 40, Erbast 41, Erbast 42, Erbast 43, Erbast 44, Erbast 45, Erbast 46, Erbast 47, Erbast 48, Erbast 49], 'Carviz': [Carviz 1, Carviz 2, Carviz 3, Carviz 4, Carviz 5, Carviz 6, Carviz 7, Carviz 8, Carviz 9, Carviz 11, Carviz 12, Carviz 13, Carviz 14, Carviz 15, Carviz 16, Carviz 17, Carviz 18, Carviz 19, Carviz 20, Carviz 21, Carviz 22, Carviz 23, Carviz 24, Carviz 25, Carviz 26, Carviz 27, Carviz 28, Carviz 29, Carviz 30, Carviz 31, Carviz 33, Carviz 34, Carviz 35, Carviz 36, Carviz 37, Carviz 38, Carviz 39, Carviz 40]}
INFO - deadCreatures: [Dead Carviz 10 (from day 0), Dead Carviz 32 (from day 0), Dead Erbast 50 (from day 0), Dead Erbast 32 (from day 0), Dead Erbast 5 (from day 0)]
INFO - herds: []
INFO - prides: []

INFO - totErbast: 47
INFO - totCarviz: 38
INFO - len Creatures Erbasts: 47
INFO - len Creatures Carviz: 38
INFO - MOVEMENT PHASE

INFO - Of Erbast 11, all except 1 are alive during movement due to starvation
INFO - Of Erbast 17, all except 1 are alive during movement due to starvation
INFO - Of Erbast 38, all except 1 are alive during movement due to starvation
INFO - Of Erbast 39, all except 1 are alive during movement due to starvation
INFO - Of Erbast 40, all except 1 are alive during movement due to starvation
INFO - Of Carviz 1, all except 1 are alive during movement due to starvation
INFO - Of Carviz 2, all except 1 are alive during movement due to starvation
INFO - Of Carviz 3, all except 1 are alive during movement due to starvation
INFO - Of Carviz 4, all except 1 are alive during movement due to starvation
INFO - Of Carviz 6, all except 1 are alive during movement due to starvation
INFO - Of Carviz 7, all except 1 are alive during movement due to starvation
INFO - Of Carviz 8, all except 1 are alive during movement due to starvation
INFO - Of Carviz 9, all except 1 are alive during movement due to starvation
INFO - Of Carviz 11, all except 1 are alive during movement due to starvation
INFO - Of Carviz 12, all except 1 are alive during movement due to starvation
INFO - Of Carviz 13, all except 1 are alive during movement due to starvation
INFO - Of Carviz 14, all except 1 are alive during movement due to starvation
INFO - Of Carviz 15, all except 1 are alive during movement due to starvation
INFO - Of Carviz 16, all except 1 are alive during movement due to starvation
INFO - Of Carviz 17, all except 1 are alive during movement due to starvation
INFO - Of Carviz 19, all except 1 are alive during movement due to starvation
INFO - Of Carviz 21, all except 1 are alive during movement due to starvation
INFO - Of Carviz 22, all except 1 are alive during movement due to starvation
INFO - Of Carviz 24, all except 1 are alive during movement due to starvation
INFO - Of Carviz 25, all except 1 are alive during movement due to starvation
INFO - Of Carviz 26, all except 1 are alive during movement due to starvation
INFO - Of Carviz 27, all except 1 are alive during movement due to starvation
INFO - Of Carviz 28, all except 1 are alive during movement due to starvation
INFO - Of Carviz 29, all except 1 are alive during movement due to starvation
INFO - Of Carviz 31, all except 1 are alive during movement due to starvation
INFO - Of Carviz 33, all except 1 are alive during movement due to starvation
INFO - Of Carviz 34, all except 1 are alive during movement due to starvation
INFO - Of Carviz 36, all except 1 are alive during movement due to starvation
INFO - Of Carviz 37, all except 1 are alive during movement due to starvation
INFO - Of Carviz 38, all except 1 are alive during movement due to starvation
INFO - Of Carviz 39, all except 1 are alive during movement due to starvation
INFO - Of Carviz 40, all except 1 are alive during movement due to starvation
INFO - NextCoords:
{}
INFO - STRUGGLE PHASE

INFO - HUNT PHASE

INFO - CARVIZES ENERGIES

INFO - Carviz 1 at (43, 29) has energy: 90
INFO - Carviz 2 at (26, 7) has energy: 95
INFO - Carviz 3 at (20, 21) has energy: 90
INFO - Carviz 4 at (20, 10) has energy: 90
INFO - Carviz 5 at (26, 10) has energy: 95
INFO - Carviz 6 at (13, 14) has energy: 90
INFO - Carviz 7 at (23, 39) has energy: 90
INFO - Carviz 8 at (25, 26) has energy: 90
INFO - Carviz 9 at (9, 17) has energy: 90
INFO - Carviz 11 at (22, 39) has energy: 90
INFO - Carviz 12 at (25, 15) has energy: 95
INFO - Carviz 13 at (20, 6) has energy: 90
INFO - Carviz 14 at (37, 20) has energy: 90
INFO - Carviz 15 at (25, 16) has energy: 90
INFO - Carviz 16 at (36, 27) has energy: 90
INFO - Carviz 17 at (34, 19) has energy: 90
INFO - Carviz 18 at (13, 24) has energy: 100
INFO - Carviz 19 at (6, 22) has energy: 90
INFO - Carviz 20 at (18, 26) has energy: 100
INFO - Carviz 21 at (16, 30) has energy: 90
INFO - Carviz 22 at (19, 25) has energy: 90
INFO - Carviz 23 at (24, 44) has energy: 100
INFO - Carviz 24 at (24, 30) has energy: 95
INFO - Carviz 25 at (32, 15) has energy: 90
INFO - Carviz 26 at (26, 34) has energy: 90
INFO - Carviz 27 at (17, 33) has energy: 90
INFO - Carviz 28 at (28, 18) has energy: 90
INFO - Carviz 29 at (44, 24) has energy: 90
INFO - Carviz 30 at (21, 24) has energy: 100
INFO - Carviz 31 at (15, 14) has energy: 90
INFO - Carviz 33 at (7, 9) has energy: 90
INFO - Carviz 34 at (17, 11) has energy: 90
INFO - Carviz 35 at (27, 11) has energy: 100
INFO - Carviz 36 at (22, 28) has energy: 90
INFO - Carviz 37 at (15, 23) has energy: 95
INFO - Carviz 38 at (12, 25) has energy: 90
INFO - Carviz 39 at (6, 16) has energy: 90
INFO - Carviz 40 at (19, 26) has energy: 90
INFO - CARVIZES ENERGIES AFTER HUNTING

INFO - Carviz 1 at (43, 29) has energy: 90
INFO - Carviz 2 at (26, 7) has energy: 95
INFO - Carviz 3 at (20, 21) has energy: 90
INFO - Carviz 4 at (20, 10) has energy: 90
INFO - Carviz 5 at (26, 10) has energy: 95
INFO - Carviz 6 at (13, 14) has energy: 90
INFO - Carviz 7 at (23, 39) has energy: 90
INFO - Carviz 8 at (25, 26) has energy: 90
INFO - Carviz 9 at (9, 17) has energy: 90
INFO - Carviz 11 at (22, 39) has energy: 90
INFO - Carviz 12 at (25, 15) has energy: 95
INFO - Carviz 13 at (20, 6) has energy: 90
INFO - Carviz 14 at (37, 20) has energy: 90
INFO - Carviz 15 at (25, 16) has energy: 90
INFO - Carviz 16 at (36, 27) has energy: 90
INFO - Carviz 17 at (34, 19) has energy: 90
INFO - Carviz 18 at (13, 24) has energy: 100
INFO - Carviz 19 at (6, 22) has energy: 90
INFO - Carviz 20 at (18, 26) has energy: 100
INFO - Carviz 21 at (16, 30) has energy: 90
INFO - Carviz 22 at (19, 25) has energy: 90
INFO - Carviz 23 at (24, 44) has energy: 100
INFO - Carviz 24 at (24, 30) has energy: 95
INFO - Carviz 25 at (32, 15) has energy: 90
INFO - Carviz 26 at (26, 34) has energy: 90
INFO - Carviz 27 at (17, 33) has energy: 90
INFO - Carviz 28 at (28, 18) has energy: 90
INFO - Carviz 29 at (44, 24) has energy: 90
INFO - Carviz 30 at (21, 24) has energy: 100
INFO - Carviz 31 at (15, 14) has energy: 90
INFO - Carviz 33 at (7, 9) has energy: 90
INFO - Carviz 34 at (17, 11) has energy: 90
INFO - Carviz 35 at (27, 11) has energy: 100
INFO - Carviz 36 at (22, 28) has energy: 90
INFO - Carviz 37 at (15, 23) has energy: 95
INFO - Carviz 38 at (12, 25) has energy: 90
INFO - Carviz 39 at (6, 16) has energy: 90
INFO - Carviz 40 at (19, 26) has energy: 90
INFO - LANDCELLS WITH ERBASTS

INFO - LandCell (4, 12) has Erbasts: [Erbast 47]
INFO - LandCell (5, 13) has Erbasts: [Erbast 37]
INFO - LandCell (5, 16) has Erbasts: [Erbast 38]
INFO - LandCell (6, 18) has Erbasts: [Erbast 19]
INFO - LandCell (7, 18) has Erbasts: [Erbast 27]
INFO - LandCell (12, 16) has Erbasts: [Erbast 41]
INFO - LandCell (12, 36) has Erbasts: [Erbast 48]
INFO - LandCell (13, 5) has Erbasts: [Erbast 7]
INFO - LandCell (13, 33) has Erbasts: [Erbast 8]
INFO - LandCell (14, 13) has Erbasts: [Erbast 39]
INFO - LandCell (14, 26) has Erbasts: [Erbast 2]
INFO - LandCell (14, 32) has Erbasts: [Erbast 30]
INFO - LandCell (15, 5) has Erbasts: [Erbast 36]
INFO - LandCell (15, 27) has Erbasts: [Erbast 29]
INFO - LandCell (18, 40) has Erbasts: [Erbast 31]
INFO - LandCell (19, 8) has Erbasts: [Erbast 14]
INFO - LandCell (20, 11) has Erbasts: [Erbast 17]
INFO - LandCell (20, 14) has Erbasts: [Erbast 4]
INFO - LandCell (21, 15) has Erbasts: [Erbast 21]
INFO - LandCell (21, 33) has Erbasts: [Erbast 20]
INFO - LandCell (21, 34) has Erbasts: [Erbast 9]
INFO - LandCell (22, 36) has Erbasts: [Erbast 33]
INFO - LandCell (26, 18) has Erbasts: [Erbast 1]
INFO - LandCell (26, 36) has Erbasts: [Erbast 44]
INFO - LandCell (26, 39) has Erbasts: [Erbast 3]
INFO - LandCell (26, 42) has Erbasts: [Erbast 23]
INFO - LandCell (27, 20) has Erbasts: [Erbast 34]
INFO - LandCell (28, 8) has Erbasts: [Erbast 13]
INFO - LandCell (28, 27) has Erbasts: [Erbast 22]
INFO - LandCell (28, 32) has Erbasts: [Erbast 35]
INFO - LandCell (29, 23) has Erbasts: [Erbast 12]
INFO - LandCell (29, 30) has Erbasts: [Erbast 43]
INFO - LandCell (30, 16) has Erbasts: [Erbast 42]
INFO - LandCell (30, 22) has Erbasts: [Erbast 18]
INFO - LandCell (31, 12) has Erbasts: [Erbast 28]
INFO - LandCell (32, 17) has Erbasts: [Erbast 45]
INFO - LandCell (32, 35) has Erbasts: [Erbast 46]
INFO - LandCell (36, 16) has Erbasts: [Erbast 26]
INFO - LandCell (36, 18) has Erbasts: [Erbast 16]
INFO - LandCell (36, 32) has Erbasts: [Erbast 6]
INFO - LandCell (38, 19) has Erbasts: [Erbast 11]
INFO - LandCell (38, 25) has Erbasts: [Erbast 49]
INFO - LandCell (40, 20) has Erbasts: [Erbast 24]
INFO - LandCell (40, 30) has Erbasts: [Erbast 15]
INFO - LandCell (41, 29) has Erbasts: [Erbast 25]
INFO - LandCell (42, 28) has Erbasts: [Erbast 40]
INFO - LandCell (45, 25) has Erbasts: [Erbast 10]
INFO - LANDCELLS WITH CARVIZES

INFO - LandCell (6, 16) has Carvizes: [Carviz 39]
INFO - LandCell (6, 22) has Carvizes: [Carviz 19]
INFO - LandCell (7, 9) has Carvizes: [Carviz 33]
INFO - LandCell (9, 17) has Carvizes: [Carviz 9]
INFO - LandCell (12, 25) has Carvizes: [Carviz 38]
INFO - LandCell (13, 14) has Carvizes: [Carviz 6]
INFO - LandCell (13, 24) has Carvizes: [Carviz 18]
INFO - LandCell (15, 14) has Carvizes: [Carviz 31]
INFO - LandCell (15, 23) has Carvizes: [Carviz 37]
INFO - LandCell (16, 30) has Carvizes: [Carviz 21]
INFO - LandCell (17, 11) has Carvizes: [Carviz 34]
INFO - LandCell (17, 33) has Carvizes: [Carviz 27]
INFO - LandCell (18, 26) has Carvizes: [Carviz 20]
INFO - LandCell (19, 25) has Carvizes: [Carviz 22]
INFO - LandCell (19, 26) has Carvizes: [Carviz 40]
INFO - LandCell (20, 6) has Carvizes: [Carviz 13]
INFO - LandCell (20, 10) has Carvizes: [Carviz 4]
INFO - LandCell (20, 21) has Carvizes: [Carviz 3]
INFO - LandCell (21, 24) has Carvizes: [Carviz 30]
INFO - LandCell (22, 28) has Carvizes: [Carviz 36]
INFO - LandCell (22, 39) has Carvizes: [Carviz 11]
INFO - LandCell (23, 39) has Carvizes: [Carviz 7]
INFO - LandCell (24, 30) has Carvizes: [Carviz 24]
INFO - LandCell (24, 44) has Carvizes: [Carviz 23]
INFO - LandCell (25, 15) has Carvizes: [Carviz 12]
INFO - LandCell (25, 16) has Carvizes: [Carviz 15]
INFO - LandCell (25, 26) has Carvizes: [Carviz 8]
INFO - LandCell (26, 7) has Carvizes: [Carviz 2]
INFO - LandCell (26, 10) has Carvizes: [Carviz 5]
INFO - LandCell (26, 34) has Carvizes: [Carviz 26]
INFO - LandCell (27, 11) has Carvizes: [Carviz 35]
INFO - LandCell (28, 18) has Carvizes: [Carviz 28]
INFO - LandCell (32, 15) has Carvizes: [Carviz 25]
INFO - LandCell (34, 19) has Carvizes: [Carviz 17]
INFO - LandCell (36, 27) has Carvizes: [Carviz 16]
INFO - LandCell (37, 20) has Carvizes: [Carviz 14]
INFO - LandCell (43, 29) has Carvizes: [Carviz 1]
INFO - LandCell (44, 24) has Carvizes: [Carviz 29]
INFO - DAY 2

INFO - creatures: {'Erbast': [Erbast 1, Erbast 2, Erbast 3, Erbast 4, Erbast 6, Erbast 7, Erbast 8, Erbast 9, Erbast 10, Erbast 11, Erbast 12, Erbast 13, Erbast 14, Erbast 15, Erbast 16, Erbast 17, Erbast 18, Erbast 19, Erbast 20, Erbast 21, Erbast 22, Erbast 23, Erbast 24, Erbast 25, Erbast 26, Erbast 27, Erbast 28, Erbast 29, Erbast 30, Erbast 31, Erbast 33, Erbast 34, Erbast 35, Erbast 36, Erbast 37, Erbast 38, Erbast 39, Erbast 40, Erbast 41, Erbast 42, Erbast 43, Erbast 44, Erbast 45, Erbast 46, Erbast 47, Erbast 48, Erbast 49], 'Carviz': [Carviz 1, Carviz 2, Carviz 3, Carviz 4, Carviz 5, Carviz 6, Carviz 7, Carviz 8, Carviz 9, Carviz 11, Carviz 12, Carviz 13, Carviz 14, Carviz 15, Carviz 16, Carviz 17, Carviz 18, Carviz 19, Carviz 20, Carviz 21, Carviz 22, Carviz 23, Carviz 24, Carviz 25, Carviz 26, Carviz 27, Carviz 28, Carviz 29, Carviz 30, Carviz 31, Carviz 33, Carviz 34, Carviz 35, Carviz 36, Carviz 37, Carviz 38, Carviz 39, Carviz 40]}
INFO - deadCreatures: [Dead Carviz 10 (from day 0), Dead Carviz 32 (from day 0), Dead Erbast 50 (from day 0), Dead Erbast 32 (from day 0), Dead Erbast 5 (from day 0)]
INFO - herds: []
INFO - prides: []

INFO - totErbast: 47
INFO - totCarviz: 38
INFO - len Creatures Erbasts: 47
INFO - len Creatures Carviz: 38
INFO - MOVEMENT PHASE

INFO - Of Erbast 11, all except 1 are alive during movement due to starvation
INFO - Of Erbast 17, all except 1 are alive during movement due to starvation
INFO - Of Erbast 38, all except 1 are alive during movement due to starvation
INFO - Of Erbast 39, all except 1 are alive during movement due to starvation
INFO - Of Erbast 40, all except 1 are alive during movement due to starvation
INFO - Of Carviz 1, all except 1 are alive during movement due to starvation
INFO - Of Carviz 2, all except 1 are alive during movement due to starvation
INFO - Of Carviz 3, all except 1 are alive during movement due to starvation
INFO - Of Carviz 4, all except 1 are alive during movement due to starvation
INFO - Of Carviz 6, all except 1 are alive during movement due to starvation
INFO - Of Carviz 7, all except 1 are alive during movement due to starvation
INFO - Of Carviz 8, all except 1 are alive during movement due to starvation
INFO - Of Carviz 9, all except 1 are alive during movement due to starvation
INFO - Of Carviz 11, all except 1 are alive during movement due to starvation
INFO - Of Carviz 12, all except 1 are alive during movement due to starvation
INFO - Of Carviz 13, all except 1 are alive during movement due to starvation
INFO - Of Carviz 14, all except 1 are alive during movement due to starvation
INFO - Of Carviz 15, all except 1 are alive during movement due to starvation
INFO - Of Carviz 16, all except 1 are alive during movement due to starvation
INFO - Of Carviz 17, all except 1 are alive during movement due to starvation
INFO - Of Carviz 19, all except 1 are alive during movement due to starvation
INFO - Of Carviz 21, all except 1 are alive during movement due to starvation
INFO - Of Carviz 22, all except 1 are alive during movement due to starvation
INFO - Of Carviz 24, all except 1 are alive during movement due to starvation
INFO - Of Carviz 25, all except 1 are alive during movement due to starvation
INFO - Of Carviz 26, all except 1 are alive during movement due to starvation
INFO - Of Carviz 27, all except 1 are alive during movement due to starvation
INFO - Of Carviz 28, all except 1 are alive during movement due to starvation
INFO - Of Carviz 29, all except 1 are alive during movement due to starvation
INFO - Of Carviz 30, all except 1 are alive during movement due to starvation
INFO - Of Carviz 31, all except 1 are alive during movement due to starvation
INFO - Of Carviz 33, all except 1 are alive during movement due to starvation
INFO - Of Carviz 34, all except 1 are alive during movement due to starvation
INFO - Of Carviz 35, all except 1 are alive during movement due to starvation
INFO - Of Carviz 37, all except 1 are alive during movement due to starvation
INFO - Of Carviz 39, all except 1 are alive during movement due to starvation
INFO - NextCoords:
{}
INFO - STRUGGLE PHASE

INFO - HUNT PHASE

INFO - CARVIZES ENERGIES

INFO - Carviz 1 at (43, 29) has energy: 85
INFO - Carviz 2 at (26, 7) has energy: 90
INFO - Carviz 3 at (20, 21) has energy: 85
INFO - Carviz 4 at (20, 10) has energy: 85
INFO - Carviz 5 at (26, 10) has energy: 95
INFO - Carviz 6 at (13, 14) has energy: 85
INFO - Carviz 7 at (23, 39) has energy: 85
INFO - Carviz 8 at (25, 26) has energy: 85
INFO - Carviz 9 at (9, 17) has energy: 85
INFO - Carviz 11 at (22, 39) has energy: 85
INFO - Carviz 12 at (25, 15) has energy: 90
INFO - Carviz 13 at (20, 6) has energy: 85
INFO - Carviz 14 at (37, 20) has energy: 85
INFO - Carviz 15 at (25, 16) has energy: 85
INFO - Carviz 16 at (36, 27) has energy: 85
INFO - Carviz 17 at (34, 19) has energy: 85
INFO - Carviz 18 at (13, 24) has energy: 100
INFO - Carviz 19 at (6, 22) has energy: 85
INFO - Carviz 20 at (18, 26) has energy: 100
INFO - Carviz 21 at (16, 30) has energy: 85
INFO - Carviz 22 at (19, 25) has energy: 85
INFO - Carviz 23 at (24, 44) has energy: 100
INFO - Carviz 24 at (24, 30) has energy: 90
INFO - Carviz 25 at (32, 15) has energy: 85
INFO - Carviz 26 at (26, 34) has energy: 85
INFO - Carviz 27 at (17, 33) has energy: 85
INFO - Carviz 28 at (28, 18) has energy: 85
INFO - Carviz 29 at (44, 24) has energy: 85
INFO - Carviz 30 at (21, 24) has energy: 95
INFO - Carviz 31 at (15, 14) has energy: 85
INFO - Carviz 33 at (7, 9) has energy: 85
INFO - Carviz 34 at (17, 11) has energy: 85
INFO - Carviz 35 at (27, 11) has energy: 95
INFO - Carviz 36 at (22, 28) has energy: 90
INFO - Carviz 37 at (15, 23) has energy: 90
INFO - Carviz 38 at (12, 25) has energy: 90
INFO - Carviz 39 at (6, 16) has energy: 85
INFO - Carviz 40 at (19, 26) has energy: 90
INFO - CARVIZES ENERGIES AFTER HUNTING

INFO - Carviz 1 at (43, 29) has energy: 85
INFO - Carviz 2 at (26, 7) has energy: 90
INFO - Carviz 3 at (20, 21) has energy: 85
INFO - Carviz 4 at (20, 10) has energy: 85
INFO - Carviz 5 at (26, 10) has energy: 95
INFO - Carviz 6 at (13, 14) has energy: 85
INFO - Carviz 7 at (23, 39) has energy: 85
INFO - Carviz 8 at (25, 26) has energy: 85
INFO - Carviz 9 at (9, 17) has energy: 85
INFO - Carviz 11 at (22, 39) has energy: 85
INFO - Carviz 12 at (25, 15) has energy: 90
INFO - Carviz 13 at (20, 6) has energy: 85
INFO - Carviz 14 at (37, 20) has energy: 85
INFO - Carviz 15 at (25, 16) has energy: 85
INFO - Carviz 16 at (36, 27) has energy: 85
INFO - Carviz 17 at (34, 19) has energy: 85
INFO - Carviz 18 at (13, 24) has energy: 100
INFO - Carviz 19 at (6, 22) has energy: 85
INFO - Carviz 20 at (18, 26) has energy: 100
INFO - Carviz 21 at (16, 30) has energy: 85
INFO - Carviz 22 at (19, 25) has energy: 85
INFO - Carviz 23 at (24, 44) has energy: 100
INFO - Carviz 24 at (24, 30) has energy: 90
INFO - Carviz 25 at (32, 15) has energy: 85
INFO - Carviz 26 at (26, 34) has energy: 85
INFO - Carviz 27 at (17, 33) has energy: 85
INFO - Carviz 28 at (28, 18) has energy: 85
INFO - Carviz 29 at (44, 24) has energy: 85
INFO - Carviz 30 at (21, 24) has energy: 95
INFO - Carviz 31 at (15, 14) has energy: 85
INFO - Carviz 33 at (7, 9) has energy: 85
INFO - Carviz 34 at (17, 11) has energy: 85
INFO - Carviz 35 at (27, 11) has energy: 95
INFO - Carviz 36 at (22, 28) has energy: 90
INFO - Carviz 37 at (15, 23) has energy: 90
INFO - Carviz 38 at (12, 25) has energy: 90
INFO - Carviz 39 at (6, 16) has energy: 85
INFO - Carviz 40 at (19, 26) has energy: 90
INFO - LANDCELLS WITH ERBASTS

INFO - LandCell (4, 12) has Erbasts: [Erbast 47]
INFO - LandCell (5, 13) has Erbasts: [Erbast 37]
INFO - LandCell (5, 16) has Erbasts: [Erbast 38]
INFO - LandCell (6, 18) has Erbasts: [Erbast 19]
INFO - LandCell (7, 18) has Erbasts: [Erbast 27]
INFO - LandCell (12, 16) has Erbasts: [Erbast 41]
INFO - LandCell (12, 36) has Erbasts: [Erbast 48]
INFO - LandCell (13, 5) has Erbasts: [Erbast 7]
INFO - LandCell (13, 33) has Erbasts: [Erbast 8]
INFO - LandCell (14, 13) has Erbasts: [Erbast 39]
INFO - LandCell (14, 26) has Erbasts: [Erbast 2]
INFO - LandCell (14, 32) has Erbasts: [Erbast 30]
INFO - LandCell (15, 5) has Erbasts: [Erbast 36]
INFO - LandCell (15, 27) has Erbasts: [Erbast 29]
INFO - LandCell (18, 40) has Erbasts: [Erbast 31]
INFO - LandCell (19, 8) has Erbasts: [Erbast 14]
INFO - LandCell (20, 11) has Erbasts: [Erbast 17]
INFO - LandCell (20, 14) has Erbasts: [Erbast 4]
INFO - LandCell (21, 15) has Erbasts: [Erbast 21]
INFO - LandCell (21, 33) has Erbasts: [Erbast 20]
INFO - LandCell (21, 34) has Erbasts: [Erbast 9]
INFO - LandCell (22, 36) has Erbasts: [Erbast 33]
INFO - LandCell (26, 18) has Erbasts: [Erbast 1]
INFO - LandCell (26, 36) has Erbasts: [Erbast 44]
INFO - LandCell (26, 39) has Erbasts: [Erbast 3]
INFO - LandCell (26, 42) has Erbasts: [Erbast 23]
INFO - LandCell (27, 20) has Erbasts: [Erbast 34]
INFO - LandCell (28, 8) has Erbasts: [Erbast 13]
INFO - LandCell (28, 27) has Erbasts: [Erbast 22]
INFO - LandCell (28, 32) has Erbasts: [Erbast 35]
INFO - LandCell (29, 23) has Erbasts: [Erbast 12]
INFO - LandCell (29, 30) has Erbasts: [Erbast 43]
INFO - LandCell (30, 16) has Erbasts: [Erbast 42]
INFO - LandCell (30, 22) has Erbasts: [Erbast 18]
INFO - LandCell (31, 12) has Erbasts: [Erbast 28]
INFO - LandCell (32, 17) has Erbasts: [Erbast 45]
INFO - LandCell (32, 35) has Erbasts: [Erbast 46]
INFO - LandCell (36, 16) has Erbasts: [Erbast 26]
INFO - LandCell (36, 18) has Erbasts: [Erbast 16]
INFO - LandCell (36, 32) has Erbasts: [Erbast 6]
INFO - LandCell (38, 19) has Erbasts: [Erbast 11]
INFO - LandCell (38, 25) has Erbasts: [Erbast 49]
INFO - LandCell (40, 20) has Erbasts: [Erbast 24]
INFO - LandCell (40, 30) has Erbasts: [Erbast 15]
INFO - LandCell (41, 29) has Erbasts: [Erbast 25]
INFO - LandCell (42, 28) has Erbasts: [Erbast 40]
INFO - LandCell (45, 25) has Erbasts: [Erbast 10]
INFO - LANDCELLS WITH CARVIZES

INFO - LandCell (6, 16) has Carvizes: [Carviz 39]
INFO - LandCell (6, 22) has Carvizes: [Carviz 19]
INFO - LandCell (7, 9) has Carvizes: [Carviz 33]
INFO - LandCell (9, 17) has Carvizes: [Carviz 9]
INFO - LandCell (12, 25) has Carvizes: [Carviz 38]
INFO - LandCell (13, 14) has Carvizes: [Carviz 6]
INFO - LandCell (13, 24) has Carvizes: [Carviz 18]
INFO - LandCell (15, 14) has Carvizes: [Carviz 31]
INFO - LandCell (15, 23) has Carvizes: [Carviz 37]
INFO - LandCell (16, 30) has Carvizes: [Carviz 21]
INFO - LandCell (17, 11) has Carvizes: [Carviz 34]
INFO - LandCell (17, 33) has Carvizes: [Carviz 27]
INFO - LandCell (18, 26) has Carvizes: [Carviz 20]
INFO - LandCell (19, 25) has Carvizes: [Carviz 22]
INFO - LandCell (19, 26) has Carvizes: [Carviz 40]
INFO - LandCell (20, 6) has Carvizes: [Carviz 13]
INFO - LandCell (20, 10) has Carvizes: [Carviz 4]
INFO - LandCell (20, 21) has Carvizes: [Carviz 3]
INFO - LandCell (21, 24) has Carvizes: [Carviz 30]
INFO - LandCell (22, 28) has Carvizes: [Carviz 36]
INFO - LandCell (22, 39) has Carvizes: [Carviz 11]
INFO - LandCell (23, 39) has Carvizes: [Carviz 7]
INFO - LandCell (24, 30) has Carvizes: [Carviz 24]
INFO - LandCell (24, 44) has Carvizes: [Carviz 23]
INFO - LandCell (25, 15) has Carvizes: [Carviz 12]
INFO - LandCell (25, 16) has Carvizes: [Carviz 15]
INFO - LandCell (25, 26) has Carvizes: [Carviz 8]
INFO - LandCell (26, 7) has Carvizes: [Carviz 2]
INFO - LandCell (26, 10) has Carvizes: [Carviz 5]
INFO - LandCell (26, 34) has Carvizes: [Carviz 26]
INFO - LandCell (27, 11) has Carvizes: [Carviz 35]
INFO - LandCell (28, 18) has Carvizes: [Carviz 28]
INFO - LandCell (32, 15) has Carvizes: [Carviz 25]
INFO - LandCell (34, 19) has Carvizes: [Carviz 17]
INFO - LandCell (36, 27) has Carvizes: [Carviz 16]
INFO - LandCell (37, 20) has Carvizes: [Carviz 14]
INFO - LandCell (43, 29) has Carvizes: [Carviz 1]
INFO - LandCell (44, 24) has Carvizes: [Carviz 29]
INFO - DAY 3

INFO - creatures: {'Erbast': [Erbast 1, Erbast 2, Erbast 3, Erbast 4, Erbast 6, Erbast 7, Erbast 8, Erbast 9, Erbast 10, Erbast 11, Erbast 12, Erbast 13, Erbast 14, Erbast 15, Erbast 16, Erbast 17, Erbast 18, Erbast 19, Erbast 20, Erbast 21, Erbast 22, Erbast 23, Erbast 24, Erbast 25, Erbast 26, Erbast 27, Erbast 28, Erbast 29, Erbast 30, Erbast 31, Erbast 33, Erbast 34, Erbast 35, Erbast 36, Erbast 37, Erbast 38, Erbast 39, Erbast 40, Erbast 41, Erbast 42, Erbast 43, Erbast 44, Erbast 45, Erbast 46, Erbast 47, Erbast 48, Erbast 49], 'Carviz': [Carviz 1, Carviz 2, Carviz 3, Carviz 4, Carviz 5, Carviz 6, Carviz 7, Carviz 8, Carviz 9, Carviz 11, Carviz 12, Carviz 13, Carviz 14, Carviz 15, Carviz 16, Carviz 17, Carviz 18, Carviz 19, Carviz 20, Carviz 21, Carviz 22, Carviz 23, Carviz 24, Carviz 25, Carviz 26, Carviz 27, Carviz 28, Carviz 29, Carviz 30, Carviz 31, Carviz 33, Carviz 34, Carviz 35, Carviz 36, Carviz 37, Carviz 38, Carviz 39, Carviz 40]}
INFO - deadCreatures: [Dead Carviz 10 (from day 0), Dead Carviz 32 (from day 0), Dead Erbast 50 (from day 0), Dead Erbast 32 (from day 0), Dead Erbast 5 (from day 0)]
INFO - herds: []
INFO - prides: []

INFO - totErbast: 47
INFO - totCarviz: 38
INFO - len Creatures Erbasts: 47
INFO - len Creatures Carviz: 38
INFO - MOVEMENT PHASE

INFO - Of Erbast 11, all except 1 are alive during movement due to starvation
INFO - Of Erbast 17, all except 1 are alive during movement due to starvation
INFO - Of Erbast 38, all except 1 are alive during movement due to starvation
INFO - Of Erbast 39, all except 1 are alive during movement due to starvation
INFO - Of Erbast 40, all except 1 are alive during movement due to starvation
INFO - Of Carviz 1, all except 1 are alive during movement due to starvation
INFO - Of Carviz 2, all except 1 are alive during movement due to starvation
INFO - Of Carviz 3, all except 1 are alive during movement due to starvation
INFO - Of Carviz 4, all except 1 are alive during movement due to starvation
INFO - Of Carviz 6, all except 1 are alive during movement due to starvation
INFO - Of Carviz 7, all except 1 are alive during movement due to starvation
INFO - Of Carviz 8, all except 1 are alive during movement due to starvation
INFO - Of Carviz 9, all except 1 are alive during movement due to starvation
INFO - Of Carviz 11, all except 1 are alive during movement due to starvation
INFO - Of Carviz 12, all except 1 are alive during movement due to starvation
INFO - Of Carviz 13, all except 1 are alive during movement due to starvation
INFO - Of Carviz 14, all except 1 are alive during movement due to starvation
INFO - Of Carviz 15, all except 1 are alive during movement due to starvation
INFO - Of Carviz 16, all except 1 are alive during movement due to starvation
INFO - Of Carviz 17, all except 1 are alive during movement due to starvation
INFO - Of Carviz 19, all except 1 are alive during movement due to starvation
INFO - Of Carviz 20, all except 1 are alive during movement due to starvation
INFO - Of Carviz 21, all except 1 are alive during movement due to starvation
INFO - Of Carviz 22, all except 1 are alive during movement due to starvation
INFO - Of Carviz 24, all except 1 are alive during movement due to starvation
INFO - Of Carviz 25, all except 1 are alive during movement due to starvation
INFO - Of Carviz 26, all except 1 are alive during movement due to starvation
INFO - Of Carviz 27, all except 1 are alive during movement due to starvation
INFO - Of Carviz 28, all except 1 are alive during movement due to starvation
INFO - Of Carviz 29, all except 1 are alive during movement due to starvation
INFO - Of Carviz 31, all except 1 are alive during movement due to starvation
INFO - Of Carviz 33, all except 1 are alive during movement due to starvation
INFO - Of Carviz 34, all except 1 are alive during movement due to starvation
INFO - Of Carviz 35, all except 1 are alive during movement due to starvation
INFO - Of Carviz 36, all except 1 are alive during movement due to starvation
INFO - Of Carviz 37, all except 1 are alive during movement due to starvation
INFO - Of Carviz 38, all except 1 are alive during movement due to starvation
INFO - Of Carviz 39, all except 1 are alive during movement due to starvation
INFO - NextCoords:
{}
INFO - STRUGGLE PHASE

INFO - HUNT PHASE

INFO - CARVIZES ENERGIES

INFO - Carviz 1 at (43, 29) has energy: 80
INFO - Carviz 2 at (26, 7) has energy: 85
INFO - Carviz 3 at (20, 21) has energy: 80
INFO - Carviz 4 at (20, 10) has energy: 80
INFO - Carviz 5 at (26, 10) has energy: 95
INFO - Carviz 6 at (13, 14) has energy: 80
INFO - Carviz 7 at (23, 39) has energy: 80
INFO - Carviz 8 at (25, 26) has energy: 80
INFO - Carviz 9 at (9, 17) has energy: 80
INFO - Carviz 11 at (22, 39) has energy: 80
INFO - Carviz 12 at (25, 15) has energy: 85
INFO - Carviz 13 at (20, 6) has energy: 80
INFO - Carviz 14 at (37, 20) has energy: 80
INFO - Carviz 15 at (25, 16) has energy: 80
INFO - Carviz 16 at (36, 27) has energy: 80
INFO - Carviz 17 at (34, 19) has energy: 80
INFO - Carviz 18 at (13, 24) has energy: 100
INFO - Carviz 19 at (6, 22) has energy: 80
INFO - Carviz 20 at (18, 26) has energy: 95
INFO - Carviz 21 at (16, 30) has energy: 80
INFO - Carviz 22 at (19, 25) has energy: 80
INFO - Carviz 23 at (24, 44) has energy: 100
INFO - Carviz 24 at (24, 30) has energy: 85
INFO - Carviz 25 at (32, 15) has energy: 80
INFO - Carviz 26 at (26, 34) has energy: 80
INFO - Carviz 27 at (17, 33) has energy: 80
INFO - Carviz 28 at (28, 18) has energy: 80
INFO - Carviz 29 at (44, 24) has energy: 80
INFO - Carviz 30 at (21, 24) has energy: 95
INFO - Carviz 31 at (15, 14) has energy: 80
INFO - Carviz 33 at (7, 9) has energy: 80
INFO - Carviz 34 at (17, 11) has energy: 80
INFO - Carviz 35 at (27, 11) has energy: 90
INFO - Carviz 36 at (22, 28) has energy: 85
INFO - Carviz 37 at (15, 23) has energy: 85
INFO - Carviz 38 at (12, 25) has energy: 85
INFO - Carviz 39 at (6, 16) has energy: 80
INFO - Carviz 40 at (19, 26) has energy: 90
INFO - CARVIZES ENERGIES AFTER HUNTING

INFO - Carviz 1 at (43, 29) has energy: 80
INFO - Carviz 2 at (26, 7) has energy: 85
INFO - Carviz 3 at (20, 21) has energy: 80
INFO - Carviz 4 at (20, 10) has energy: 80
INFO - Carviz 5 at (26, 10) has energy: 95
INFO - Carviz 6 at (13, 14) has energy: 80
INFO - Carviz 7 at (23, 39) has energy: 80
INFO - Carviz 8 at (25, 26) has energy: 80
INFO - Carviz 9 at (9, 17) has energy: 80
INFO - Carviz 11 at (22, 39) has energy: 80
INFO - Carviz 12 at (25, 15) has energy: 85
INFO - Carviz 13 at (20, 6) has energy: 80
INFO - Carviz 14 at (37, 20) has energy: 80
INFO - Carviz 15 at (25, 16) has energy: 80
INFO - Carviz 16 at (36, 27) has energy: 80
INFO - Carviz 17 at (34, 19) has energy: 80
INFO - Carviz 18 at (13, 24) has energy: 100
INFO - Carviz 19 at (6, 22) has energy: 80
INFO - Carviz 20 at (18, 26) has energy: 95
INFO - Carviz 21 at (16, 30) has energy: 80
INFO - Carviz 22 at (19, 25) has energy: 80
INFO - Carviz 23 at (24, 44) has energy: 100
INFO - Carviz 24 at (24, 30) has energy: 85
INFO - Carviz 25 at (32, 15) has energy: 80
INFO - Carviz 26 at (26, 34) has energy: 80
INFO - Carviz 27 at (17, 33) has energy: 80
INFO - Carviz 28 at (28, 18) has energy: 80
INFO - Carviz 29 at (44, 24) has energy: 80
INFO - Carviz 30 at (21, 24) has energy: 95
INFO - Carviz 31 at (15, 14) has energy: 80
INFO - Carviz 33 at (7, 9) has energy: 80
INFO - Carviz 34 at (17, 11) has energy: 80
INFO - Carviz 35 at (27, 11) has energy: 90
INFO - Carviz 36 at (22, 28) has energy: 85
INFO - Carviz 37 at (15, 23) has energy: 85
INFO - Carviz 38 at (12, 25) has energy: 85
INFO - Carviz 39 at (6, 16) has energy: 80
INFO - Carviz 40 at (19, 26) has energy: 90
INFO - LANDCELLS WITH ERBASTS

INFO - LandCell (4, 12) has Erbasts: [Erbast 47]
INFO - LandCell (5, 13) has Erbasts: [Erbast 37]
INFO - LandCell (5, 16) has Erbasts: [Erbast 38]
INFO - LandCell (6, 18) has Erbasts: [Erbast 19]
INFO - LandCell (7, 18) has Erbasts: [Erbast 27]
INFO - LandCell (12, 16) has Erbasts: [Erbast 41]
INFO - LandCell (12, 36) has Erbasts: [Erbast 48]
INFO - LandCell (13, 5) has Erbasts: [Erbast 7]
INFO - LandCell (13, 33) has Erbasts: [Erbast 8]
INFO - LandCell (14, 13) has Erbasts: [Erbast 39]
INFO - LandCell (14, 26) has Erbasts: [Erbast 2]
INFO - LandCell (14, 32) has Erbasts: [Erbast 30]
INFO - LandCell (15, 5) has Erbasts: [Erbast 36]
INFO - LandCell (15, 27) has Erbasts: [Erbast 29]
INFO - LandCell (18, 40) has Erbasts: [Erbast 31]
INFO - LandCell (19, 8) has Erbasts: [Erbast 14]
INFO - LandCell (20, 11) has Erbasts: [Erbast 17]
INFO - LandCell (20, 14) has Erbasts: [Erbast 4]
INFO - LandCell (21, 15) has Erbasts: [Erbast 21]
INFO - LandCell (21, 33) has Erbasts: [Erbast 20]
INFO - LandCell (21, 34) has Erbasts: [Erbast 9]
INFO - LandCell (22, 36) has Erbasts: [Erbast 33]
INFO - LandCell (26, 18) has Erbasts: [Erbast 1]
INFO - LandCell (26, 36) has Erbasts: [Erbast 44]
INFO - LandCell (26, 39) has Erbasts: [Erbast 3]
INFO - LandCell (26, 42) has Erbasts: [Erbast 23]
INFO - LandCell (27, 20) has Erbasts: [Erbast 34]
INFO - LandCell (28, 8) has Erbasts: [Erbast 13]
INFO - LandCell (28, 27) has Erbasts: [Erbast 22]
INFO - LandCell (28, 32) has Erbasts: [Erbast 35]
INFO - LandCell (29, 23) has Erbasts: [Erbast 12]
INFO - LandCell (29, 30) has Erbasts: [Erbast 43]
INFO - LandCell (30, 16) has Erbasts: [Erbast 42]
INFO - LandCell (30, 22) has Erbasts: [Erbast 18]
INFO - LandCell (31, 12) has Erbasts: [Erbast 28]
INFO - LandCell (32, 17) has Erbasts: [Erbast 45]
INFO - LandCell (32, 35) has Erbasts: [Erbast 46]
INFO - LandCell (36, 16) has Erbasts: [Erbast 26]
INFO - LandCell (36, 18) has Erbasts: [Erbast 16]
INFO - LandCell (36, 32) has Erbasts: [Erbast 6]
INFO - LandCell (38, 19) has Erbasts: [Erbast 11]
INFO - LandCell (38, 25) has Erbasts: [Erbast 49]
INFO - LandCell (40, 20) has Erbasts: [Erbast 24]
INFO - LandCell (40, 30) has Erbasts: [Erbast 15]
INFO - LandCell (41, 29) has Erbasts: [Erbast 25]
INFO - LandCell (42, 28) has Erbasts: [Erbast 40]
INFO - LandCell (45, 25) has Erbasts: [Erbast 10]
INFO - LANDCELLS WITH CARVIZES

INFO - LandCell (6, 16) has Carvizes: [Carviz 39]
INFO - LandCell (6, 22) has Carvizes: [Carviz 19]
INFO - LandCell (7, 9) has Carvizes: [Carviz 33]
INFO - LandCell (9, 17) has Carvizes: [Carviz 9]
INFO - LandCell (12, 25) has Carvizes: [Carviz 38]
INFO - LandCell (13, 14) has Carvizes: [Carviz 6]
INFO - LandCell (13, 24) has Carvizes: [Carviz 18]
INFO - LandCell (15, 14) has Carvizes: [Carviz 31]
INFO - LandCell (15, 23) has Carvizes: [Carviz 37]
INFO - LandCell (16, 30) has Carvizes: [Carviz 21]
INFO - LandCell (17, 11) has Carvizes: [Carviz 34]
INFO - LandCell (17, 33) has Carvizes: [Carviz 27]
INFO - LandCell (18, 26) has Carvizes: [Carviz 20]
INFO - LandCell (19, 25) has Carvizes: [Carviz 22]
INFO - LandCell (19, 26) has Carvizes: [Carviz 40]
INFO - LandCell (20, 6) has Carvizes: [Carviz 13]
INFO - LandCell (20, 10) has Carvizes: [Carviz 4]
INFO - LandCell (20, 21) has Carvizes: [Carviz 3]
INFO - LandCell (21, 24) has Carvizes: [Carviz 30]
INFO - LandCell (22, 28) has Carvizes: [Carviz 36]
INFO - LandCell (22, 39) has Carvizes: [Carviz 11]
INFO - LandCell (23, 39) has Carvizes: [Carviz 7]
INFO - LandCell (24, 30) has Carvizes: [Carviz 24]
INFO - LandCell (24, 44) has Carvizes: [Carviz 23]
INFO - LandCell (25, 15) has Carvizes: [Carviz 12]
INFO - LandCell (25, 16) has Carvizes: [Carviz 15]
INFO - LandCell (25, 26) has Carvizes: [Carviz 8]
INFO - LandCell (26, 7) has Carvizes: [Carviz 2]
INFO - LandCell (26, 10) has Carvizes: [Carviz 5]
INFO - LandCell (26, 34) has Carvizes: [Carviz 26]
INFO - LandCell (27, 11) has Carvizes: [Carviz 35]
INFO - LandCell (28, 18) has Carvizes: [Carviz 28]
INFO - LandCell (32, 15) has Carvizes: [Carviz 25]
INFO - LandCell (34, 19) has Carvizes: [Carviz 17]
INFO - LandCell (36, 27) has Carvizes: [Carviz 16]
INFO - LandCell (37, 20) has Carvizes: [Carviz 14]
INFO - LandCell (43, 29) has Carvizes: [Carviz 1]
INFO - LandCell (44, 24) has Carvizes: [Carviz 29]
INFO - DAY 4

INFO - creatures: {'Erbast': [Erbast 1, Erbast 2, Erbast 3, Erbast 4, Erbast 6, Erbast 7, Erbast 8, Erbast 9, Erbast 10, Erbast 11, Erbast 12, Erbast 13, Erbast 14, Erbast 15, Erbast 16, Erbast 17, Erbast 18, Erbast 19, Erbast 20, Erbast 21, Erbast 22, Erbast 23, Erbast 24, Erbast 25, Erbast 26, Erbast 27, Erbast 28, Erbast 29, Erbast 30, Erbast 31, Erbast 33, Erbast 34, Erbast 35, Erbast 36, Erbast 37, Erbast 38, Erbast 39, Erbast 40, Erbast 41, Erbast 42, Erbast 43, Erbast 44, Erbast 45, Erbast 46, Erbast 47, Erbast 48, Erbast 49], 'Carviz': [Carviz 1, Carviz 2, Carviz 3, Carviz 4, Carviz 5, Carviz 6, Carviz 7, Carviz 8, Carviz 9, Carviz 11, Carviz 12, Carviz 13, Carviz 14, Carviz 15, Carviz 16, Carviz 17, Carviz 18, Carviz 19, Carviz 20, Carviz 21, Carviz 22, Carviz 23, Carviz 24, Carviz 25, Carviz 26, Carviz 27, Carviz 28, Carviz 29, Carviz 30, Carviz 31, Carviz 33, Carviz 34, Carviz 35, Carviz 36, Carviz 37, Carviz 38, Carviz 39, Carviz 40]}
INFO - deadCreatures: [Dead Carviz 10 (from day 0), Dead Carviz 32 (from day 0), Dead Erbast 50 (from day 0), Dead Erbast 32 (from day 0), Dead Erbast 5 (from day 0)]
INFO - herds: []
INFO - prides: []

INFO - totErbast: 47
INFO - totCarviz: 38
INFO - len Creatures Erbasts: 47
INFO - len Creatures Carviz: 38
INFO - MOVEMENT PHASE

INFO - Of Erbast 11, all except 1 are alive during movement due to starvation
INFO - Of Erbast 17, all except 1 are alive during movement due to starvation
INFO - Of Erbast 25, all except 1 are alive during movement due to starvation
INFO - Of Erbast 38, all except 1 are alive during movement due to starvation
INFO - Of Erbast 39, all except 1 are alive during movement due to starvation
INFO - Of Erbast 40, all except 1 are alive during movement due to starvation
INFO - Of Carviz 1, all except 1 are alive during movement due to starvation
INFO - Of Carviz 2, all except 1 are alive during movement due to starvation
INFO - Of Carviz 3, all except 1 are alive during movement due to starvation
INFO - Of Carviz 4, all except 1 are alive during movement due to starvation
INFO - Of Carviz 5, all except 1 are alive during movement due to starvation
INFO - Of Carviz 6, all except 1 are alive during movement due to starvation
INFO - Of Carviz 7, all except 1 are alive during movement due to starvation
INFO - Of Carviz 8, all except 1 are alive during movement due to starvation
INFO - Of Carviz 9, all except 1 are alive during movement due to starvation
INFO - Of Carviz 11, all except 1 are alive during movement due to starvation
INFO - Of Carviz 12, all except 1 are alive during movement due to starvation
INFO - Of Carviz 13, all except 1 are alive during movement due to starvation
INFO - Of Carviz 14, all except 1 are alive during movement due to starvation
INFO - Of Carviz 15, all except 1 are alive during movement due to starvation
INFO - Of Carviz 16, all except 1 are alive during movement due to starvation
INFO - Of Carviz 17, all except 1 are alive during movement due to starvation
INFO - Of Carviz 18, all except 1 are alive during movement due to starvation
INFO - Of Carviz 19, all except 1 are alive during movement due to starvation
INFO - Of Carviz 20, all except 1 are alive during movement due to starvation
INFO - Of Carviz 21, all except 1 are alive during movement due to starvation
INFO - Of Carviz 22, all except 1 are alive during movement due to starvation
INFO - Of Carviz 24, all except 1 are alive during movement due to starvation
INFO - Of Carviz 25, all except 1 are alive during movement due to starvation
INFO - Of Carviz 26, all except 1 are alive during movement due to starvation
INFO - Of Carviz 27, all except 1 are alive during movement due to starvation
INFO - Of Carviz 28, all except 1 are alive during movement due to starvation
INFO - Of Carviz 29, all except 1 are alive during movement due to starvation
INFO - Of Carviz 31, all except 1 are alive during movement due to starvation
INFO - Of Carviz 33, all except 1 are alive during movement due to starvation
INFO - Of Carviz 34, all except 1 are alive during movement due to starvation
INFO - Of Carviz 35, all except 1 are alive during movement due to starvation
INFO - Of Carviz 38, all except 1 are alive during movement due to starvation
INFO - Of Carviz 39, all except 1 are alive during movement due to starvation
INFO - Of Carviz 40, all except 1 are alive during movement due to starvation
INFO - NextCoords:
{}
INFO - STRUGGLE PHASE

INFO - HUNT PHASE

INFO - CARVIZES ENERGIES

INFO - Carviz 1 at (43, 29) has energy: 75
INFO - Carviz 2 at (26, 7) has energy: 80
INFO - Carviz 3 at (20, 21) has energy: 75
INFO - Carviz 4 at (20, 10) has energy: 75
INFO - Carviz 5 at (26, 10) has energy: 90
INFO - Carviz 6 at (13, 14) has energy: 75
INFO - Carviz 7 at (23, 39) has energy: 75
INFO - Carviz 8 at (25, 26) has energy: 75
INFO - Carviz 9 at (9, 17) has energy: 75
INFO - Carviz 11 at (22, 39) has energy: 75
INFO - Carviz 12 at (25, 15) has energy: 80
INFO - Carviz 13 at (20, 6) has energy: 75
INFO - Carviz 14 at (37, 20) has energy: 75
INFO - Carviz 15 at (25, 16) has energy: 75
INFO - Carviz 16 at (36, 27) has energy: 75
INFO - Carviz 17 at (34, 19) has energy: 75
INFO - Carviz 18 at (13, 24) has energy: 95
INFO - Carviz 19 at (6, 22) has energy: 75
INFO - Carviz 20 at (18, 26) has energy: 90
INFO - Carviz 21 at (16, 30) has energy: 75
INFO - Carviz 22 at (19, 25) has energy: 75
INFO - Carviz 23 at (24, 44) has energy: 100
INFO - Carviz 24 at (24, 30) has energy: 80
INFO - Carviz 25 at (32, 15) has energy: 75
INFO - Carviz 26 at (26, 34) has energy: 75
INFO - Carviz 27 at (17, 33) has energy: 75
INFO - Carviz 28 at (28, 18) has energy: 75
INFO - Carviz 29 at (44, 24) has energy: 75
INFO - Carviz 30 at (21, 24) has energy: 95
INFO - Carviz 31 at (15, 14) has energy: 75
INFO - Carviz 33 at (7, 9) has energy: 75
INFO - Carviz 34 at (17, 11) has energy: 75
INFO - Carviz 35 at (27, 11) has energy: 85
INFO - Carviz 36 at (22, 28) has energy: 85
INFO - Carviz 37 at (15, 23) has energy: 85
INFO - Carviz 38 at (12, 25) has energy: 80
INFO - Carviz 39 at (6, 16) has energy: 75
INFO - Carviz 40 at (19, 26) has energy: 85
INFO - CARVIZES ENERGIES AFTER HUNTING

INFO - Carviz 1 at (43, 29) has energy: 75
INFO - Carviz 2 at (26, 7) has energy: 80
INFO - Carviz 3 at (20, 21) has energy: 75
INFO - Carviz 4 at (20, 10) has energy: 75
INFO - Carviz 5 at (26, 10) has energy: 90
INFO - Carviz 6 at (13, 14) has energy: 75
INFO - Carviz 7 at (23, 39) has energy: 75
INFO - Carviz 8 at (25, 26) has energy: 75
INFO - Carviz 9 at (9, 17) has energy: 75
INFO - Carviz 11 at (22, 39) has energy: 75
INFO - Carviz 12 at (25, 15) has energy: 80
INFO - Carviz 13 at (20, 6) has energy: 75
INFO - Carviz 14 at (37, 20) has energy: 75
INFO - Carviz 15 at (25, 16) has energy: 75
INFO - Carviz 16 at (36, 27) has energy: 75
INFO - Carviz 17 at (34, 19) has energy: 75
INFO - Carviz 18 at (13, 24) has energy: 95
INFO - Carviz 19 at (6, 22) has energy: 75
INFO - Carviz 20 at (18, 26) has energy: 90
INFO - Carviz 21 at (16, 30) has energy: 75
INFO - Carviz 22 at (19, 25) has energy: 75
INFO - Carviz 23 at (24, 44) has energy: 100
INFO - Carviz 24 at (24, 30) has energy: 80
INFO - Carviz 25 at (32, 15) has energy: 75
INFO - Carviz 26 at (26, 34) has energy: 75
INFO - Carviz 27 at (17, 33) has energy: 75
INFO - Carviz 28 at (28, 18) has energy: 75
INFO - Carviz 29 at (44, 24) has energy: 75
INFO - Carviz 30 at (21, 24) has energy: 95
INFO - Carviz 31 at (15, 14) has energy: 75
INFO - Carviz 33 at (7, 9) has energy: 75
INFO - Carviz 34 at (17, 11) has energy: 75
INFO - Carviz 35 at (27, 11) has energy: 85
INFO - Carviz 36 at (22, 28) has energy: 85
INFO - Carviz 37 at (15, 23) has energy: 85
INFO - Carviz 38 at (12, 25) has energy: 80
INFO - Carviz 39 at (6, 16) has energy: 75
INFO - Carviz 40 at (19, 26) has energy: 85
INFO - LANDCELLS WITH ERBASTS

INFO - LandCell (4, 12) has Erbasts: [Erbast 47]
INFO - LandCell (5, 13) has Erbasts: [Erbast 37]
INFO - LandCell (5, 16) has Erbasts: [Erbast 38]
INFO - LandCell (6, 18) has Erbasts: [Erbast 19]
INFO - LandCell (7, 18) has Erbasts: [Erbast 27]
INFO - LandCell (12, 16) has Erbasts: [Erbast 41]
INFO - LandCell (12, 36) has Erbasts: [Erbast 48]
INFO - LandCell (13, 5) has Erbasts: [Erbast 7]
INFO - LandCell (13, 33) has Erbasts: [Erbast 8]
INFO - LandCell (14, 13) has Erbasts: [Erbast 39]
INFO - LandCell (14, 26) has Erbasts: [Erbast 2]
INFO - LandCell (14, 32) has Erbasts: [Erbast 30]
INFO - LandCell (15, 5) has Erbasts: [Erbast 36]
INFO - LandCell (15, 27) has Erbasts: [Erbast 29]
INFO - LandCell (18, 40) has Erbasts: [Erbast 31]
INFO - LandCell (19, 8) has Erbasts: [Erbast 14]
INFO - LandCell (20, 11) has Erbasts: [Erbast 17]
INFO - LandCell (20, 14) has Erbasts: [Erbast 4]
INFO - LandCell (21, 15) has Erbasts: [Erbast 21]
INFO - LandCell (21, 33) has Erbasts: [Erbast 20]
INFO - LandCell (21, 34) has Erbasts: [Erbast 9]
INFO - LandCell (22, 36) has Erbasts: [Erbast 33]
INFO - LandCell (26, 18) has Erbasts: [Erbast 1]
INFO - LandCell (26, 36) has Erbasts: [Erbast 44]
INFO - LandCell (26, 39) has Erbasts: [Erbast 3]
INFO - LandCell (26, 42) has Erbasts: [Erbast 23]
INFO - LandCell (27, 20) has Erbasts: [Erbast 34]
INFO - LandCell (28, 8) has Erbasts: [Erbast 13]
INFO - LandCell (28, 27) has Erbasts: [Erbast 22]
INFO - LandCell (28, 32) has Erbasts: [Erbast 35]
INFO - LandCell (29, 23) has Erbasts: [Erbast 12]
INFO - LandCell (29, 30) has Erbasts: [Erbast 43]
INFO - LandCell (30, 16) has Erbasts: [Erbast 42]
INFO - LandCell (30, 22) has Erbasts: [Erbast 18]
INFO - LandCell (31, 12) has Erbasts: [Erbast 28]
INFO - LandCell (32, 17) has Erbasts: [Erbast 45]
INFO - LandCell (32, 35) has Erbasts: [Erbast 46]
INFO - LandCell (36, 16) has Erbasts: [Erbast 26]
INFO - LandCell (36, 18) has Erbasts: [Erbast 16]
INFO - LandCell (36, 32) has Erbasts: [Erbast 6]
INFO - LandCell (38, 19) has Erbasts: [Erbast 11]
INFO - LandCell (38, 25) has Erbasts: [Erbast 49]
INFO - LandCell (40, 20) has Erbasts: [Erbast 24]
INFO - LandCell (40, 30) has Erbasts: [Erbast 15]
INFO - LandCell (41, 29) has Erbasts: [Erbast 25]
INFO - LandCell (42, 28) has Erbasts: [Erbast 40]
INFO - LandCell (45, 25) has Erbasts: [Erbast 10]
INFO - LANDCELLS WITH CARVIZES

INFO - LandCell (6, 16) has Carvizes: [Carviz 39]
INFO - LandCell (6, 22) has Carvizes: [Carviz 19]
INFO - LandCell (7, 9) has Carvizes: [Carviz 33]
INFO - LandCell (9, 17) has Carvizes: [Carviz 9]
INFO - LandCell (12, 25) has Carvizes: [Carviz 38]
INFO - LandCell (13, 14) has Carvizes: [Carviz 6]
INFO - LandCell (13, 24) has Carvizes: [Carviz 18]
INFO - LandCell (15, 14) has Carvizes: [Carviz 31]
INFO - LandCell (15, 23) has Carvizes: [Carviz 37]
INFO - LandCell (16, 30) has Carvizes: [Carviz 21]
INFO - LandCell (17, 11) has Carvizes: [Carviz 34]
INFO - LandCell (17, 33) has Carvizes: [Carviz 27]
INFO - LandCell (18, 26) has Carvizes: [Carviz 20]
INFO - LandCell (19, 25) has Carvizes: [Carviz 22]
INFO - LandCell (19, 26) has Carvizes: [Carviz 40]
INFO - LandCell (20, 6) has Carvizes: [Carviz 13]
INFO - LandCell (20, 10) has Carvizes: [Carviz 4]
INFO - LandCell (20, 21) has Carvizes: [Carviz 3]
INFO - LandCell (21, 24) has Carvizes: [Carviz 30]
INFO - LandCell (22, 28) has Carvizes: [Carviz 36]
INFO - LandCell (22, 39) has Carvizes: [Carviz 11]
INFO - LandCell (23, 39) has Carvizes: [Carviz 7]
INFO - LandCell (24, 30) has Carvizes: [Carviz 24]
INFO - LandCell (24, 44) has Carvizes: [Carviz 23]
INFO - LandCell (25, 15) has Carvizes: [Carviz 12]
INFO - LandCell (25, 16) has Carvizes: [Carviz 15]
INFO - LandCell (25, 26) has Carvizes: [Carviz 8]
INFO - LandCell (26, 7) has Carvizes: [Carviz 2]
INFO - LandCell (26, 10) has Carvizes: [Carviz 5]
INFO - LandCell (26, 34) has Carvizes: [Carviz 26]
INFO - LandCell (27, 11) has Carvizes: [Carviz 35]
INFO - LandCell (28, 18) has Carvizes: [Carviz 28]
INFO - LandCell (32, 15) has Carvizes: [Carviz 25]
INFO - LandCell (34, 19) has Carvizes: [Carviz 17]
INFO - LandCell (36, 27) has Carvizes: [Carviz 16]
INFO - LandCell (37, 20) has Carvizes: [Carviz 14]
INFO - LandCell (43, 29) has Carvizes: [Carviz 1]
INFO - LandCell (44, 24) has Carvizes: [Carviz 29]
INFO - DAY 5

INFO - creatures: {'Erbast': [Erbast 1, Erbast 2, Erbast 3, Erbast 4, Erbast 6, Erbast 7, Erbast 8, Erbast 9, Erbast 10, Erbast 11, Erbast 12, Erbast 13, Erbast 14, Erbast 15, Erbast 16, Erbast 17, Erbast 18, Erbast 19, Erbast 20, Erbast 21, Erbast 22, Erbast 23, Erbast 24, Erbast 25, Erbast 26, Erbast 27, Erbast 28, Erbast 29, Erbast 30, Erbast 31, Erbast 33, Erbast 34, Erbast 35, Erbast 36, Erbast 37, Erbast 38, Erbast 39, Erbast 40, Erbast 41, Erbast 42, Erbast 43, Erbast 44, Erbast 45, Erbast 46, Erbast 47, Erbast 48, Erbast 49], 'Carviz': [Carviz 1, Carviz 2, Carviz 3, Carviz 4, Carviz 5, Carviz 6, Carviz 7, Carviz 8, Carviz 9, Carviz 11, Carviz 12, Carviz 13, Carviz 14, Carviz 15, Carviz 16, Carviz 17, Carviz 18, Carviz 19, Carviz 20, Carviz 21, Carviz 22, Carviz 23, Carviz 24, Carviz 25, Carviz 26, Carviz 27, Carviz 28, Carviz 29, Carviz 30, Carviz 31, Carviz 33, Carviz 34, Carviz 35, Carviz 36, Carviz 37, Carviz 38, Carviz 39, Carviz 40]}
INFO - deadCreatures: [Dead Carviz 10 (from day 0), Dead Carviz 32 (from day 0), Dead Erbast 50 (from day 0), Dead Erbast 32 (from day 0), Dead Erbast 5 (from day 0)]
INFO - herds: []
INFO - prides: []

INFO - totErbast: 47
INFO - totCarviz: 38
INFO - len Creatures Erbasts: 47
INFO - len Creatures Carviz: 38
INFO - MOVEMENT PHASE

INFO - Of Erbast 11, all except 1 are alive during movement due to starvation
INFO - Of Erbast 17, all except 1 are alive during movement due to starvation
INFO - Of Erbast 38, all except 1 are alive during movement due to starvation
INFO - Of Erbast 39, all except 1 are alive during movement due to starvation
INFO - Of Erbast 40, all except 1 are alive during movement due to starvation
INFO - Of Carviz 1, all except 1 are alive during movement due to starvation
INFO - Of Carviz 2, all except 1 are alive during movement due to starvation
INFO - Of Carviz 3, all except 1 are alive during movement due to starvation
INFO - Of Carviz 4, all except 1 are alive during movement due to starvation
INFO - Of Carviz 5, all except 1 are alive during movement due to starvation
INFO - Of Carviz 6, all except 1 are alive during movement due to starvation
INFO - Of Carviz 7, all except 1 are alive during movement due to starvation
INFO - Of Carviz 8, all except 1 are alive during movement due to starvation
INFO - Of Carviz 9, all except 1 are alive during movement due to starvation
INFO - Of Carviz 11, all except 1 are alive during movement due to starvation
INFO - Of Carviz 12, all except 1 are alive during movement due to starvation
INFO - Of Carviz 13, all except 1 are alive during movement due to starvation
INFO - Of Carviz 14, all except 1 are alive during movement due to starvation
INFO - Of Carviz 15, all except 1 are alive during movement due to starvation
INFO - Of Carviz 16, all except 1 are alive during movement due to starvation
INFO - Of Carviz 17, all except 1 are alive during movement due to starvation
INFO - Of Carviz 18, all except 1 are alive during movement due to starvation
INFO - Of Carviz 19, all except 1 are alive during movement due to starvation
INFO - Of Carviz 20, all except 1 are alive during movement due to starvation
INFO - Of Carviz 21, all except 1 are alive during movement due to starvation
INFO - Of Carviz 22, all except 1 are alive during movement due to starvation
INFO - Of Carviz 24, all except 1 are alive during movement due to starvation
INFO - Of Carviz 25, all except 1 are alive during movement due to starvation
INFO - Of Carviz 26, all except 1 are alive during movement due to starvation
INFO - Of Carviz 27, all except 1 are alive during movement due to starvation
INFO - Of Carviz 28, all except 1 are alive during movement due to starvation
INFO - Of Carviz 29, all except 1 are alive during movement due to starvation
INFO - Of Carviz 31, all except 1 are alive during movement due to starvation
INFO - Of Carviz 33, all except 1 are alive during movement due to starvation
INFO - Of Carviz 34, all except 1 are alive during movement due to starvation
INFO - Of Carviz 35, all except 1 are alive during movement due to starvation
INFO - Of Carviz 39, all except 1 are alive during movement due to starvation
INFO - Of Carviz 40, all except 1 are alive during movement due to starvation
INFO - NextCoords:
{}
INFO - STRUGGLE PHASE

INFO - HUNT PHASE

INFO - CARVIZES ENERGIES

INFO - Carviz 1 at (43, 29) has energy: 70
INFO - Carviz 2 at (26, 7) has energy: 75
INFO - Carviz 3 at (20, 21) has energy: 70
INFO - Carviz 4 at (20, 10) has energy: 70
INFO - Carviz 5 at (26, 10) has energy: 85
INFO - Carviz 6 at (13, 14) has energy: 70
INFO - Carviz 7 at (23, 39) has energy: 70
INFO - Carviz 8 at (25, 26) has energy: 70
INFO - Carviz 9 at (9, 17) has energy: 70
INFO - Carviz 11 at (22, 39) has energy: 70
INFO - Carviz 12 at (25, 15) has energy: 75
INFO - Carviz 13 at (20, 6) has energy: 70
INFO - Carviz 14 at (37, 20) has energy: 70
INFO - Carviz 15 at (25, 16) has energy: 70
INFO - Carviz 16 at (36, 27) has energy: 70
INFO - Carviz 17 at (34, 19) has energy: 70
INFO - Carviz 18 at (13, 24) has energy: 90
INFO - Carviz 19 at (6, 22) has energy: 70
INFO - Carviz 20 at (18, 26) has energy: 85
INFO - Carviz 21 at (16, 30) has energy: 70
INFO - Carviz 22 at (19, 25) has energy: 70
INFO - Carviz 23 at (24, 44) has energy: 100
INFO - Carviz 24 at (24, 30) has energy: 75
INFO - Carviz 25 at (32, 15) has energy: 70
INFO - Carviz 26 at (26, 34) has energy: 70
INFO - Carviz 27 at (17, 33) has energy: 70
INFO - Carviz 28 at (28, 18) has energy: 70
INFO - Carviz 29 at (44, 24) has energy: 70
INFO - Carviz 30 at (21, 24) has energy: 95
INFO - Carviz 31 at (15, 14) has energy: 70
INFO - Carviz 33 at (7, 9) has energy: 70
INFO - Carviz 34 at (17, 11) has energy: 70
INFO - Carviz 35 at (27, 11) has energy: 80
INFO - Carviz 36 at (22, 28) has energy: 85
INFO - Carviz 37 at (15, 23) has energy: 85
INFO - Carviz 38 at (12, 25) has energy: 80
INFO - Carviz 39 at (6, 16) has energy: 70
INFO - Carviz 40 at (19, 26) has energy: 80
INFO - CARVIZES ENERGIES AFTER HUNTING

INFO - Carviz 1 at (43, 29) has energy: 70
INFO - Carviz 2 at (26, 7) has energy: 75
INFO - Carviz 3 at (20, 21) has energy: 70
INFO - Carviz 4 at (20, 10) has energy: 70
INFO - Carviz 5 at (26, 10) has energy: 85
INFO - Carviz 6 at (13, 14) has energy: 70
INFO - Carviz 7 at (23, 39) has energy: 70
INFO - Carviz 8 at (25, 26) has energy: 70
INFO - Carviz 9 at (9, 17) has energy: 70
INFO - Carviz 11 at (22, 39) has energy: 70
INFO - Carviz 12 at (25, 15) has energy: 75
INFO - Carviz 13 at (20, 6) has energy: 70
INFO - Carviz 14 at (37, 20) has energy: 70
INFO - Carviz 15 at (25, 16) has energy: 70
INFO - Carviz 16 at (36, 27) has energy: 70
INFO - Carviz 17 at (34, 19) has energy: 70
INFO - Carviz 18 at (13, 24) has energy: 90
INFO - Carviz 19 at (6, 22) has energy: 70
INFO - Carviz 20 at (18, 26) has energy: 85
INFO - Carviz 21 at (16, 30) has energy: 70
INFO - Carviz 22 at (19, 25) has energy: 70
INFO - Carviz 23 at (24, 44) has energy: 100
INFO - Carviz 24 at (24, 30) has energy: 75
INFO - Carviz 25 at (32, 15) has energy: 70
INFO - Carviz 26 at (26, 34) has energy: 70
INFO - Carviz 27 at (17, 33) has energy: 70
INFO - Carviz 28 at (28, 18) has energy: 70
INFO - Carviz 29 at (44, 24) has energy: 70
INFO - Carviz 30 at (21, 24) has energy: 95
INFO - Carviz 31 at (15, 14) has energy: 70
INFO - Carviz 33 at (7, 9) has energy: 70
INFO - Carviz 34 at (17, 11) has energy: 70
INFO - Carviz 35 at (27, 11) has energy: 80
INFO - Carviz 36 at (22, 28) has energy: 85
INFO - Carviz 37 at (15, 23) has energy: 85
INFO - Carviz 38 at (12, 25) has energy: 80
INFO - Carviz 39 at (6, 16) has energy: 70
INFO - Carviz 40 at (19, 26) has energy: 80
INFO - LANDCELLS WITH ERBASTS

INFO - LandCell (4, 12) has Erbasts: [Erbast 47]
INFO - LandCell (5, 13) has Erbasts: [Erbast 37]
INFO - LandCell (5, 16) has Erbasts: [Erbast 38]
INFO - LandCell (6, 18) has Erbasts: [Erbast 19]
INFO - LandCell (7, 18) has Erbasts: [Erbast 27]
INFO - LandCell (12, 16) has Erbasts: [Erbast 41]
INFO - LandCell (12, 36) has Erbasts: [Erbast 48]
INFO - LandCell (13, 5) has Erbasts: [Erbast 7]
INFO - LandCell (13, 33) has Erbasts: [Erbast 8]
INFO - LandCell (14, 13) has Erbasts: [Erbast 39]
INFO - LandCell (14, 26) has Erbasts: [Erbast 2]
INFO - LandCell (14, 32) has Erbasts: [Erbast 30]
INFO - LandCell (15, 5) has Erbasts: [Erbast 36]
INFO - LandCell (15, 27) has Erbasts: [Erbast 29]
INFO - LandCell (18, 40) has Erbasts: [Erbast 31]
INFO - LandCell (19, 8) has Erbasts: [Erbast 14]
INFO - LandCell (20, 11) has Erbasts: [Erbast 17]
INFO - LandCell (20, 14) has Erbasts: [Erbast 4]
INFO - LandCell (21, 15) has Erbasts: [Erbast 21]
INFO - LandCell (21, 33) has Erbasts: [Erbast 20]
INFO - LandCell (21, 34) has Erbasts: [Erbast 9]
INFO - LandCell (22, 36) has Erbasts: [Erbast 33]
INFO - LandCell (26, 18) has Erbasts: [Erbast 1]
INFO - LandCell (26, 36) has Erbasts: [Erbast 44]
INFO - LandCell (26, 39) has Erbasts: [Erbast 3]
INFO - LandCell (26, 42) has Erbasts: [Erbast 23]
INFO - LandCell (27, 20) has Erbasts: [Erbast 34]
INFO - LandCell (28, 8) has Erbasts: [Erbast 13]
INFO - LandCell (28, 27) has Erbasts: [Erbast 22]
INFO - LandCell (28, 32) has Erbasts: [Erbast 35]
INFO - LandCell (29, 23) has Erbasts: [Erbast 12]
INFO - LandCell (29, 30) has Erbasts: [Erbast 43]
INFO - LandCell (30, 16) has Erbasts: [Erbast 42]
INFO - LandCell (30, 22) has Erbasts: [Erbast 18]
INFO - LandCell (31, 12) has Erbasts: [Erbast 28]
INFO - LandCell (32, 17) has Erbasts: [Erbast 45]
INFO - LandCell (32, 35) has Erbasts: [Erbast 46]
INFO - LandCell (36, 16) has Erbasts: [Erbast 26]
INFO - LandCell (36, 18) has Erbasts: [Erbast 16]
INFO - LandCell (36, 32) has Erbasts: [Erbast 6]
INFO - LandCell (38, 19) has Erbasts: [Erbast 11]
INFO - LandCell (38, 25) has Erbasts: [Erbast 49]
INFO - LandCell (40, 20) has Erbasts: [Erbast 24]
INFO - LandCell (40, 30) has Erbasts: [Erbast 15]
INFO - LandCell (41, 29) has Erbasts: [Erbast 25]
INFO - LandCell (42, 28) has Erbasts: [Erbast 40]
INFO - LandCell (45, 25) has Erbasts: [Erbast 10]
INFO - LANDCELLS WITH CARVIZES

INFO - LandCell (6, 16) has Carvizes: [Carviz 39]
INFO - LandCell (6, 22) has Carvizes: [Carviz 19]
INFO - LandCell (7, 9) has Carvizes: [Carviz 33]
INFO - LandCell (9, 17) has Carvizes: [Carviz 9]
INFO - LandCell (12, 25) has Carvizes: [Carviz 38]
INFO - LandCell (13, 14) has Carvizes: [Carviz 6]
INFO - LandCell (13, 24) has Carvizes: [Carviz 18]
INFO - LandCell (15, 14) has Carvizes: [Carviz 31]
INFO - LandCell (15, 23) has Carvizes: [Carviz 37]
INFO - LandCell (16, 30) has Carvizes: [Carviz 21]
INFO - LandCell (17, 11) has Carvizes: [Carviz 34]
INFO - LandCell (17, 33) has Carvizes: [Carviz 27]
INFO - LandCell (18, 26) has Carvizes: [Carviz 20]
INFO - LandCell (19, 25) has Carvizes: [Carviz 22]
INFO - LandCell (19, 26) has Carvizes: [Carviz 40]
INFO - LandCell (20, 6) has Carvizes: [Carviz 13]
INFO - LandCell (20, 10) has Carvizes: [Carviz 4]
INFO - LandCell (20, 21) has Carvizes: [Carviz 3]
INFO - LandCell (21, 24) has Carvizes: [Carviz 30]
INFO - LandCell (22, 28) has Carvizes: [Carviz 36]
INFO - LandCell (22, 39) has Carvizes: [Carviz 11]
INFO - LandCell (23, 39) has Carvizes: [Carviz 7]
INFO - LandCell (24, 30) has Carvizes: [Carviz 24]
INFO - LandCell (24, 44) has Carvizes: [Carviz 23]
INFO - LandCell (25, 15) has Carvizes: [Carviz 12]
INFO - LandCell (25, 16) has Carvizes: [Carviz 15]
INFO - LandCell (25, 26) has Carvizes: [Carviz 8]
INFO - LandCell (26, 7) has Carvizes: [Carviz 2]
INFO - LandCell (26, 10) has Carvizes: [Carviz 5]
INFO - LandCell (26, 34) has Carvizes: [Carviz 26]
INFO - LandCell (27, 11) has Carvizes: [Carviz 35]
INFO - LandCell (28, 18) has Carvizes: [Carviz 28]
INFO - LandCell (32, 15) has Carvizes: [Carviz 25]
INFO - LandCell (34, 19) has Carvizes: [Carviz 17]
INFO - LandCell (36, 27) has Carvizes: [Carviz 16]
INFO - LandCell (37, 20) has Carvizes: [Carviz 14]
INFO - LandCell (43, 29) has Carvizes: [Carviz 1]
INFO - LandCell (44, 24) has Carvizes: [Carviz 29]
